0.01	-0.000708843	-0.000423479	0.00993135	0.00244897	0.01
0.02	-0.0012456	9.61865e-05	0.0198689	0.00158884	0.01
0.03	-0.00110587	0.00101424	0.029791	0.00120216	0.01
0.04	-0.00169868	0.00242173	0.0396388	0.00165224	0.01
0.05	-0.00151649	0.00337449	0.0495569	0.00294492	0.01
0.06	-0.000749091	0.00412871	0.0594641	0.00189305	0.01
0.07	-0.000985397	0.00521374	0.0693674	0.00228866	0.01
0.08	-0.00245512	0.00623665	0.0791705	0.00201607	0.01
0.09	-0.00518344	0.00778241	0.0886295	0.00209145	0.01
0.1	-0.00760401	0.00843261	0.0982744	0.0045864	0.01
0.11	-0.0109111	0.00982219	0.107571	0.00312558	0.01
0.12	-0.0147416	0.0121402	0.116474	0.00175078	0.01
0.13	-0.0184405	0.0136406	0.125605	0.00655317	0.01
0.14	-0.0215338	0.0158069	0.134826	0.00116025	0.01
0.15	-0.0242999	0.0190497	0.143833	0.00331792	0.01
0.16	-0.0264974	0.0226253	0.152871	0.00175864	0.01
0.17	-0.0276854	0.0254222	0.162361	0.00219049	0.01
0.18	-0.0292065	0.02744	0.172	0.00247638	0.01
0.19	-0.0311312	0.0303438	0.181336	0.0120429	0.01
0.2	-0.0332697	0.0334821	0.190548	0.000662913	0.01
0.21	-0.0365605	0.0380108	0.198791	0.0128733	0.01
0.22	-0.0397382	0.0417746	0.207452	0.00362773	0.01
0.23	-0.042597	0.0449203	0.216464	0.00224583	0.01
0.24	-0.0463898	0.0480768	0.22512	0.00166051	0.01
0.25	-0.0500438	0.0519603	0.233537	0.00259722	0.01
0.26	-0.0544336	0.0559379	0.241549	0.00185116	0.01
0.27	-0.058164	0.0592545	0.250172	0.00706097	0.01
0.28	-0.0609968	0.0623603	0.259205	0.00255947	0.01
0.29	-0.0647498	0.0662585	0.267571	0.0020273	0.01
0.3	-0.0689925	0.0691765	0.276101	0.00207613	0.01
0.31	-0.0721719	0.0731046	0.284687	0.00234518	0.01
0.32	-0.0740271	0.0774723	0.293448	0.00470735	0.01
0.33	-0.075803	0.082291	0.301986	0.00132044	0.01
0.34	-0.0780159	0.0875733	0.310138	0.000347885	0.01
0.35	-0.0809488	0.0923036	0.318402	0.00213131	0.01
0.36	-0.0834713	0.0966413	0.327009	0.00239435	0.01
0.37	-0.0867206	0.100908	0.335405	0.00290767	0.01
0.38	-0.0901136	0.104622	0.344005	0.00163283	0.01
0.39	-0.0939702	0.107535	0.352717	0.00483194	0.01
0.4	-0.0990159	0.108574	0.361245	0.00394221	0.01
0.41	-0.104626	0.109283	0.369447	0.184373	0.01
0.42	-0.109215	0.109738	0.378272	0.00179681	0.01
0.43	-0.112441	0.110206	0.387681	0.00203746	0.01
0.44	-0.115404	0.10975	0.397176	0.00429868	0.01
0.45	-0.118801	0.110304	0.406519	0.00171887	0.01
0.46	-0.122945	0.110713	0.415564	0.00175687	0.01
0.47	-0.127732	0.111591	0.424251	0.00171944	0.01
0.48	-0.132043	0.111566	0.433226	0.00222867	0.01
0.49	-0.135888	0.111348	0.442408	0.00229479	0.01
0.5	-0.140815	0.111266	0.45106	0.00170273	0.01
0.51	-0.146846	0.110113	0.458898	0.00275024	0.01
0.52	-0.152167	0.109575	0.467296	0.00286468	0.01
0.53	-0.158214	0.109238	0.475199	0.0013925	0.01
0.54	-0.164979	0.109412	0.482503	0.00811964	0.01
0.55	-0.171701	0.110553	0.489758	0.000991814	0.01
0.56	-0.179087	0.112147	0.496242	0.00254858	0.01
0.57	-0.186793	0.113699	0.502352	0.00192092	0.01
0.58	-0.193584	0.114926	0.509528	0.0046093	0.01
0.59	-0.201031	0.116005	0.516047	0.00186709	0.01
0.6	-0.209035	0.116558	0.521942	0.00352838	0.01
0.61	-0.217123	0.117925	0.527584	0.00292273	0.01
0.62	-0.225242	0.119635	0.533087	0.00351626	0.01
0.63	-0.232663	0.121612	0.539421	0.00400361	0.01
0.64	-0.240038	0.122547	0.546043	0.00193662	0.01
0.65	-0.24793	0.122937	0.5521	0.00139483	0.01
0.66	-0.25522	0.123935	0.558805	0.00320191	0.01
0.67	-0.262407	0.125934	0.565397	0.00329782	0.01
0.68	-0.270223	0.127272	0.571417	0.00233735	0.01
0.69	-0.277817	0.127769	0.577834	0.00359953	0.01
0.7	-0.285494	0.128105	0.584163	0.00371679	0.01
0.71	-0.292709	0.127712	0.591011	0.00283668	0.01
0.72	-0.299734	0.126066	0.597869	0.000570595	0.01
0.73	-0.307039	0.125667	0.60462	0.00247325	0.01
0.74	-0.315101	0.126361	0.610417	0.0041986	0.01
0.75	-0.323216	0.127319	0.616102	0.00130353	0.01
0.76	-0.33074	0.127473	0.622618	0.000498786	0.01
0.77	-0.337024	0.126855	0.630313	0.00300904	0.01
0.78	-0.342752	0.125245	0.638294	0.00272646	0.01
0.79	-0.348573	0.12456	0.646339	0.00222592	0.01
0.8	-0.353742	0.124328	0.654843	0.000940982	0.01
0.81	-0.358893	0.125139	0.663322	0.00124588	0.01
0.82	-0.364884	0.127397	0.670944	0.000818724	0.01
0.83	-0.371151	0.130415	0.678064	0.000762685	0.01
0.84	-0.378316	0.134404	0.683706	0.0236885	0.01
0.85	-0.386077	0.13757	0.689074	0.000719127	0.01
0.86	-0.394541	0.140392	0.693486	0.00103237	0.01
0.87	-0.403289	0.142796	0.697578	0.000966944	0.01
0.88	-0.412348	0.145771	0.700431	0.00242619	0.01
0.89	-0.421631	0.14881	0.702343	0.00170376	0.01
0.9	-0.431037	0.151421	0.704284	0.000259066	0.01
0.91	-0.440641	0.153044	0.706333	0.00892107	0.01
0.92	-0.450423	0.154593	0.707313	0.00259247	0.01
0.93	-0.460199	0.155871	0.70867	0.0029605	0.01
0.94	-0.469819	0.158069	0.709964	0.00226933	0.01
0.95	-0.479372	0.159664	0.712256	0.00201553	0.01
0.96	-0.488875	0.160716	0.715016	0.00315051	0.01
0.97	-0.498628	0.161729	0.716718	0.00601539	0.01
0.98	-0.508467	0.161926	0.718198	0.000918351	0.01
0.99	-0.518267	0.163308	0.719243	0.00120296	0.01
1	-0.52787	0.165456	0.720732	0.000383265	0.01
1.01	-0.53758	0.167571	0.721256	0.00243598	0.01
1.02	-0.547057	0.170606	0.721348	0.00104799	0.01
1.03	-0.556291	0.174297	0.721727	0.00171976	0.01
1.04	-0.565875	0.176952	0.721364	0.00249755	0.01
1.05	-0.575664	0.178653	0.720802	0.000335237	0.01
1.06	-0.585359	0.180391	0.719383	0.00131951	0.01
1.07	-0.595108	0.181328	0.71762	0.00203242	0.01
1.08	-0.604968	0.182527	0.717016	0.00188461	0.01
1.09	-0.614677	0.184623	0.716405	0.00138845	0.01
1.1	-0.624297	0.186505	0.714691	0.00146823	0.01
1.11	-0.633919	0.188766	0.713539	0.00161668	0.01
1.12	-0.643655	0.190776	0.713101	0.00207975	0.01
1.13	-0.653427	0.192651	0.713191	0.00199256	0.01
1.14	-0.663032	0.194733	0.71475	0.00292502	0.01
1.15	-0.672523	0.196159	0.717377	0.00449741	0.01
1.16	-0.681668	0.197782	0.720949	0.00246322	0.01
1.17	-0.690876	0.199911	0.724062	0.00185762	0.01
1.18	-0.700049	0.202676	0.726749	0.00215823	0.01
1.19	-0.709519	0.204127	0.729438	0.00311034	0.01
1.2	-0.719331	0.204959	0.730864	0.0011502	0.01
1.21	-0.728998	0.205011	0.733221	0.0044068	0.01
1.22	-0.738579	0.205029	0.735905	0.000774449	0.01
1.23	-0.747514	0.20396	0.740149	0.00719077	0.01
1.24	-0.756128	0.202687	0.744964	0.00190006	0.01
1.25	-0.765223	0.202061	0.748949	0.00386135	0.01
1.26	-0.773554	0.200375	0.75412	0.00167238	0.01
1.27	-0.781732	0.199415	0.759705	0.00118401	0.01
1.28	-0.790392	0.198832	0.764568	0.000861015	0.01
1.29	-0.799094	0.19935	0.769363	0.000855077	0.01
1.3	-0.807699	0.200635	0.774189	0.0010521	0.01
1.31	-0.81685	0.200907	0.778084	0.00200708	0.01
1.32	-0.82617	0.201916	0.781417	0.00138535	0.01
1.33	-0.835015	0.202969	0.785849	0.00339856	0.01
1.34	-0.844164	0.203554	0.789712	0.00653601	0.01
1.35	-0.85256	0.20544	0.794705	0.00197265	0.01
1.36	-0.861328	0.207558	0.798902	0.000369253	0.01
1.37	-0.869583	0.20945	0.804121	0.00203545	0.01
1.38	-0.877631	0.21199	0.80939	0.00192339	0.01
1.39	-0.88584	0.213229	0.814871	0.000477252	0.01
1.4	-0.894648	0.214337	0.81936	0.0029421	0.01
1.41	-0.903484	0.214764	0.823912	0.00268903	0.01
1.42	-0.912063	0.214119	0.828906	0.000759378	0.01
1.43	-0.911794	0.21053	0.83818	0.0121907	0.01
1.44	-0.91229	0.205978	0.847011	0.00265856	0.01
1.45	-0.913404	0.201639	0.855893	0.00348709	0.01
1.46	-0.915126	0.197758	0.864888	0.00170318	0.01
1.47	-0.91638	0.193351	0.873718	0.00410135	0.01
1.48	-0.91751	0.190482	0.883175	0.00193062	0.01
1.49	-0.918494	0.188926	0.89295	0.00206558	0.01
1.5	-0.918496	0.186977	0.902704	0.00290305	0.01
1.51	-0.920356	0.185196	0.912311	0.00155555	0.01
1.52	-0.922771	0.182822	0.921664	0.00250661	0.01
1.53	-0.925763	0.181267	0.931021	0.00346674	0.01
1.54	-0.930278	0.181134	0.939883	0.0014741	0.01
1.55	-0.935422	0.181557	0.948385	0.00212223	0.01
1.56	-0.940888	0.181267	0.956689	0.000996791	0.01
1.57	-0.947146	0.180404	0.964371	0.00492889	0.01
1.58	-0.95511	0.179177	0.970202	0.00570346	0.01
1.59	-0.962448	0.177276	0.976641	0.00193076	0.01
1.6	-0.969781	0.174355	0.982691	0.00627238	0.01
1.61	-0.977625	0.172134	0.988388	0.00188055	0.01
1.62	-0.985143	0.169326	0.994262	0.00349584	0.01
1.63	-0.992651	0.167502	1.00052	0.00137926	0.01
1.64	-1.00009	0.166413	1.00704	0.00253873	0.01
1.65	-1.00814	0.16409	1.01238	0.00126216	0.01
1.66	-1.01566	0.161372	1.0183	0.00437159	0.01
1.67	-1.02385	0.159325	1.02355	0.000995599	0.01
1.68	-1.03219	0.158394	1.02889	0.00198979	0.01
1.69	-1.04081	0.157176	1.0337	0.000789071	0.01
1.7	-1.04896	0.156753	1.03938	0.00202961	0.01
1.71	-1.05681	0.155307	1.04532	0.00185144	0.01
1.72	-1.06439	0.152604	1.05116	0.000667072	0.01
1.73	-1.07209	0.15086	1.05721	0.00248156	0.01
1.74	-1.08032	0.148859	1.06241	0.000506521	0.01
1.75	-1.0886	0.147795	1.06782	0.00177657	0.01
1.76	-1.09662	0.146878	1.07362	0.00332759	0.01
1.77	-1.10467	0.144323	1.07887	0.000760592	0.01
1.78	-1.11269	0.141472	1.08401	0.00824292	0.01
1.79	-1.12078	0.143372	1.08946	0.00176523	0.01
1.8	-1.12943	0.144843	1.09416	0.00170167	0.01
1.81	-1.13803	0.147279	1.0985	0.00286066	0.01
1.82	-1.14628	0.149452	1.10361	0.00176202	0.01
1.83	-1.15252	0.151316	1.11112	0.000760289	0.01
1.84	-1.15946	0.153173	1.11799	0.00298783	0.01
1.85	-1.16691	0.155372	1.1242	0.00335057	0.01
1.86	-1.17338	0.158019	1.13127	0.00338239	0.01
1.87	-1.18033	0.160621	1.13789	0.00375632	0.01
1.88	-1.18626	0.162692	1.14559	0.000378979	0.01
1.89	-1.19317	0.164746	1.15245	0.000357352	0.01
1.9	-1.19984	0.1674	1.15933	0.00210798	0.01
1.91	-1.20719	0.169219	1.16576	0.0315063	0.01
1.92	-1.21417	0.172288	1.17215	0.00196715	0.01
1.93	-1.22187	0.174079	1.17817	0.00309098	0.01
1.94	-1.23131	0.171108	1.17912	0.00283032	0.01
1.95	-1.24099	0.168856	1.17937	0.00263327	0.01
1.96	-1.25041	0.16575	1.17993	0.00185763	0.01
1.97	-1.25967	0.16252	1.18154	0.00126051	0.01
1.98	-1.26904	0.159182	1.18172	0.00210714	0.01
1.99	-1.2782	0.156149	1.17934	0.00101503	0.01
2	-1.28752	0.154474	1.17632	0.00209679	0.01
2.01	-1.29717	0.153583	1.17411	0.00140815	0.01
2.02	-1.30675	0.151647	1.17233	0.00136119	0.01
2.03	-1.31614	0.148632	1.17107	0.00204049	0.01
2.04	-1.32544	0.14591	1.16886	0.00188754	0.01
2.05	-1.33428	0.142602	1.16575	0.0051798	0.01
2.06	-1.34333	0.13904	1.1637	0.00173892	0.01
2.07	-1.35216	0.134986	1.16163	0.00313616	0.01
2.08	-1.36082	0.130295	1.16029	0.0265144	0.01
2.09	-1.36913	0.125269	1.15817	0.00278763	0.01
2.1	-1.37678	0.119148	1.15654	0.00203682	0.01
2.11	-1.38403	0.112894	1.15386	0.000386369	0.01
2.12	-1.39079	0.106147	1.15113	0.000705142	0.01
2.13	-1.3956	0.0979737	1.14816	0.00269183	0.01
2.14	-1.40077	0.0896763	1.1464	0.00243493	0.01
2.15	-1.40616	0.0817441	1.14379	0.00172358	0.01
2.16	-1.41166	0.0736162	1.14222	0.00386032	0.01
2.17	-1.41736	0.0656942	1.14039	0.000660057	0.01
2.18	-1.42271	0.0573804	1.1394	0.00204421	0.01
2.19	-1.42855	0.0493478	1.13904	0.0014069	0.01
2.2	-1.4335	0.0407333	1.13905	0.00286926	0.01
2.21	-1.43893	0.0324643	1.14001	0.0014507	0.01
2.22	-1.44444	0.024508	1.14224	0.00236848	0.01
2.23	-1.44945	0.0164945	1.1453	0.00237624	0.01
2.24	-1.45367	0.00847585	1.14938	0.00270667	0.01
2.25	-1.45713	0.000269033	1.15378	0.00345749	0.01
2.26	-1.46149	-0.00777515	1.15766	0.00241182	0.01
2.27	-1.46565	-0.0153653	1.16253	0.00122561	0.01
2.28	-1.46923	-0.0239377	1.16606	0.0025009	0.01
2.29	-1.47375	-0.0323011	1.16894	0.000481883	0.01
2.3	-1.47735	-0.0412034	1.17148	0.00247544	0.01
2.31	-1.48076	-0.0497938	1.17512	0.00192173	0.01
2.32	-1.48382	-0.0586935	1.1783	0.000377116	0.01
2.33	-1.48785	-0.0667426	1.18251	0.00130861	0.01
2.34	-1.49205	-0.0752291	1.18551	0.000563432	0.01
2.35	-1.49539	-0.0842504	1.18799	0.00498027	0.01
2.36	-1.4988	-0.0934589	1.18948	0.00111952	0.01
2.37	-1.50228	-0.102166	1.19276	0.000687481	0.01
2.38	-1.50519	-0.111492	1.19456	0.000848091	0.01
2.39	-1.50857	-0.120746	1.19585	0.00326183	0.01
2.4	-1.51083	-0.130297	1.19736	0.00196276	0.01
2.41	-1.51382	-0.139762	1.19779	0.00401761	0.01
2.42	-1.51778	-0.148818	1.19875	0.00183298	0.01
2.43	-1.5219	-0.157665	1.20061	0.00432619	0.01
2.44	-1.52627	-0.166561	1.20127	0.00311123	0.01
2.45	-1.53015	-0.175456	1.20338	0.00161919	0.01
2.46	-1.53435	-0.184292	1.20509	0.00191163	0.01
2.47	-1.53934	-0.192813	1.20616	0.00224935	0.01
2.48	-1.54428	-0.201343	1.2074	0.00652368	0.01
2.49	-1.54997	-0.20947	1.20698	0.00195915	0.01
2.5	-1.55573	-0.216019	1.20224	0.0023403	0.01
2.51	-1.5622	-0.221961	1.1976	0.00308217	0.01
2.52	-1.56742	-0.228235	1.19195	0.00193819	0.01
2.53	-1.57234	-0.233845	1.18539	0.00288117	0.01
2.54	-1.5769	-0.240192	1.17927	0.00358337	0.01
2.55	-1.58184	-0.247	1.17399	0.00167732	0.01
2.56	-1.58672	-0.253703	1.16852	0.00213772	0.01
2.57	-1.59255	-0.260071	1.16362	0.0012613	0.01
2.58	-1.59942	-0.265718	1.15919	0.000897444	0.01
2.59	-1.60524	-0.272605	1.15504	0.00174442	0.01
2.6	-1.61188	-0.279202	1.15172	0.00340376	0.01
2.61	-1.61852	-0.286317	1.14975	0.00186546	0.01
2.62	-1.62594	-0.292497	1.14745	0.002035	0.01
2.63	-1.6342	-0.297247	1.14466	0.00415244	0.01
2.64	-1.6424	-0.301279	1.14076	0.00296002	0.01
2.65	-1.65107	-0.305069	1.13776	0.00254939	0.01
2.66	-1.65945	-0.309855	1.13541	0.000679535	0.01
2.67	-1.66737	-0.314757	1.13198	0.00371682	0.01
2.68	-1.67431	-0.320279	1.12751	0.00262056	0.01
2.69	-1.681	-0.325254	1.12213	0.00119485	0.01
2.7	-1.68804	-0.328979	1.1162	0.0052566	0.01
2.71	-1.69625	-0.331909	1.11144	0.00230748	0.01
2.72	-1.70335	-0.336047	1.10588	0.00127789	0.01
2.73	-1.71122	-0.339907	1.10123	0.00179223	0.01
2.74	-1.71938	-0.343253	1.09665	0.00182962	0.01
2.75	-1.72762	-0.345401	1.09155	0.0010009	0.01
2.76	-1.73584	-0.347094	1.08625	0.0142632	0.01
2.77	-1.74434	-0.348055	1.08122	0.00158687	0.01
2.78	-1.75265	-0.350839	1.07655	0.00140544	0.01
2.79	-1.76075	-0.355097	1.07272	0.00284905	0.01
2.8	-1.76818	-0.359822	1.06814	0.00168837	0.01
2.81	-1.77511	-0.365257	1.06356	0.00147024	0.01
2.82	-1.78153	-0.3709	1.05851	0.0011611	0.01
2.83	-1.78752	-0.377488	1.05412	0.000293402	0.01
2.84	-1.7941	-0.384029	1.05061	0.00238211	0.01
2.85	-1.80076	-0.391273	1.04929	0.00208044	0.01
2.86	-1.80792	-0.397367	1.04612	0.000897931	0.01
2.87	-1.81497	-0.401461	1.04046	0.00124876	0.01
2.88	-1.82158	-0.407001	1.03555	0.00327613	0.01
2.89	-1.82755	-0.412653	1.02999	0.00138917	0.01
2.9	-1.8341	-0.417653	1.02446	0.000565389	0.01
2.91	-1.84097	-0.42171	1.01856	0.00258933	0.01
2.92	-1.84739	-0.424842	1.01167	0.00126001	0.01
2.93	-1.85338	-0.429192	1.00506	0.00411531	0.01
2.94	-1.85868	-0.43501	0.999021	0.00206277	0.01
2.95	-1.86432	-0.441122	0.993602	0.00253621	0.01
2.96	-1.87084	-0.445911	0.987852	0.00136476	0.01
2.97	-1.8767	-0.450117	0.981044	0.00216706	0.01
2.98	-1.88328	-0.453468	0.97441	0.00342036	0.01
2.99	-1.89027	-0.457605	0.968708	0.00237186	0.01
3	-1.89724	-0.462132	0.963288	0.00150815	0.01
3.01	-1.90314	-0.467148	0.957085	0.00166365	0.01
3.02	-1.91005	-0.470339	0.950726	0.000856516	0.01
3.03	-1.91646	-0.472251	0.943392	0.00458134	0.01
3.04	-1.92365	-0.474456	0.936927	0.00230691	0.01
3.05	-1.92991	-0.477624	0.929911	0.00513639	0.01
3.06	-1.93602	-0.482554	0.923838	0.00234865	0.01
3.07	-1.94334	-0.487225	0.919038	0.00659406	0.01
3.08	-1.95152	-0.490942	0.914844	0.00192974	0.01
3.09	-1.95952	-0.495434	0.911063	0.00667987	0.01
3.1	-1.96679	-0.501086	0.907383	0.00144115	0.01
3.11	-1.97522	-0.505505	0.9046	0.00373688	0.01
3.12	-1.98418	-0.509297	0.902626	0.0010964	0.01
3.13	-1.99218	-0.514637	0.900225	0.00105981	0.01
3.14	-2.00093	-0.519099	0.898811	0.00382676	0.01
3.15	-2.00949	-0.523068	0.895758	0.00287649	0.01
3.16	-2.01812	-0.5277	0.894206	0.0026713	0.01
3.17	-2.0266	-0.532264	0.896567	0.00280813	0.01
3.18	-2.03451	-0.537993	0.898301	0.00256301	0.01
3.19	-2.0427	-0.543567	0.898787	0.00136502	0.01
3.2	-2.0514	-0.548015	0.89707	0.00206044	0.01
3.21	-2.05955	-0.551949	0.893009	0.000518345	0.01
3.22	-2.06646	-0.556733	0.887751	0.000886161	0.01
3.23	-2.07328	-0.561183	0.882095	0.00281122	0.01
3.24	-2.08093	-0.564568	0.876764	0.0015551	0.01
3.25	-2.08911	-0.56815	0.872454	0.00345628	0.01
3.26	-2.09752	-0.571462	0.868377	0.00297411	0.01
3.27	-2.10676	-0.574318	0.866169	0.00209784	0.01
3.28	-2.11585	-0.578054	0.864873	0.00202204	0.01
3.29	-2.12443	-0.582157	0.86207	0.00271682	0.01
3.3	-2.13293	-0.586926	0.860227	0.015416	0.01
3.31	-2.14118	-0.592417	0.860604	0.00347218	0.01
3.32	-2.14868	-0.598874	0.861093	0.0020609	0.01
3.33	-2.15661	-0.604499	0.863028	0.00195216	0.01
3.34	-2.16511	-0.609162	0.865115	0.00166816	0.01
3.35	-2.17329	-0.614345	0.867243	0.000777367	0.01
3.36	-2.18168	-0.618887	0.869923	0.00375675	0.01
3.37	-2.19042	-0.623351	0.871324	0.000874299	0.01
3.38	-2.19939	-0.627462	0.872276	0.00271179	0.01
3.39	-2.20849	-0.630809	0.87432	0.000712708	0.01
3.4	-2.21736	-0.635076	0.875487	0.000389214	0.01
3.41	-2.22605	-0.639791	0.876225	0.00149424	0.01
3.42	-2.2353	-0.643368	0.87635	0.00288537	0.01
3.43	-2.24461	-0.646582	0.87529	0.000292566	0.01
3.44	-2.25429	-0.648638	0.874741	0.00315276	0.01
3.45	-2.26381	-0.651393	0.875042	0.00128575	0.01
3.46	-2.27276	-0.655627	0.87457	0.000965123	0.01
3.47	-2.28149	-0.660036	0.872982	0.00167623	0.01
3.48	-2.28906	-0.665857	0.870327	0.000354836	0.01
3.49	-2.29738	-0.670522	0.867619	0.00187265	0.01
3.5	-2.30492	-0.675666	0.863763	0.00215557	0.01
3.51	-2.31273	-0.679689	0.859178	0.00245193	0.01
3.52	-2.3213	-0.682073	0.854796	0.00228847	0.01
3.53	-2.32994	-0.683943	0.850316	0.00152046	0.01
3.54	-2.33843	-0.684654	0.845253	0.00573091	0.01
3.55	-2.34722	-0.684003	0.840737	0.00208798	0.01
3.56	-2.3562	-0.682799	0.836728	0.00266467	0.01
3.57	-2.36572	-0.681784	0.834163	0.00360406	0.01
3.58	-2.37502	-0.681128	0.830799	0.00191492	0.01
3.59	-2.38449	-0.68257	0.828275	0.00205093	0.01
3.6	-2.39373	-0.685479	0.826204	0.00146618	0.01
3.61	-2.40268	-0.688421	0.823136	0.0039627	0.01
3.62	-2.411	-0.692436	0.819558	0.0026906	0.01
3.63	-2.41816	-0.698607	0.816588	0.00183007	0.01
3.64	-2.42615	-0.703616	0.813549	0.00438667	0.01
3.65	-2.43309	-0.709907	0.810324	0.00219903	0.01
3.66	-2.43964	-0.715927	0.805971	0.00176532	0.01
3.67	-2.4471	-0.721105	0.801996	0.00102662	0.01
3.68	-2.45392	-0.727087	0.798017	0.00177972	0.01
3.69	-2.46164	-0.732634	0.795231	0.0014774	0.01
3.7	-2.46953	-0.737125	0.791277	0.00195789	0.01
3.71	-2.47707	-0.742448	0.787688	0.00288531	0.01
3.72	-2.48454	-0.746842	0.782885	0.0018248	0.01
3.73	-2.49146	-0.752266	0.778316	0.00514255	0.01
3.74	-2.49901	-0.757372	0.774445	0.00418077	0.01
3.75	-2.50644	-0.762401	0.770255	0.000727405	0.01
3.76	-2.51303	-0.76597	0.763781	0.0057841	0.01
3.77	-2.51982	-0.767786	0.756798	0.00189007	0.01
3.78	-2.52659	-0.770795	0.750229	0.00800375	0.01
3.79	-2.53309	-0.773143	0.743144	0.00189084	0.01
3.8	-2.54041	-0.774754	0.736671	0.00134045	0.01
3.81	-2.54752	-0.776029	0.729894	0.00281094	0.01
3.82	-2.55536	-0.777845	0.724129	0.00764306	0.01
3.83	-2.56374	-0.779019	0.718989	0.00217303	0.01
3.84	-2.57224	-0.78144	0.714534	0.00255214	0.01
3.85	-2.58105	-0.784293	0.711028	0.00363671	0.01
3.86	-2.58912	-0.787698	0.706413	0.00116663	0.01
3.87	-2.59678	-0.790323	0.700713	0.00222517	0.01
3.88	-2.60393	-0.791607	0.693989	0.000903666	0.01
3.89	-2.61002	-0.793501	0.686419	0.00295844	0.01
3.9	-2.61499	-0.79631	0.678333	0.00120355	0.01
3.91	-2.61793	-0.799562	0.669461	0.00220991	0.01
3.92	-2.62038	-0.803403	0.660672	0.000786328	0.01
3.93	-2.62401	-0.806963	0.652179	0.00949669	0.01
3.94	-2.62665	-0.809911	0.643109	0.00270483	0.01
3.95	-2.62866	-0.81289	0.633888	0.000522881	0.01
3.96	-2.63269	-0.815857	0.625353	0.00184779	0.01
3.97	-2.63706	-0.819249	0.617146	0.00245571	0.01
3.98	-2.63978	-0.82174	0.607962	0.0021104	0.01
3.99	-2.64264	-0.825801	0.599404	0.000770308	0.01
4	-2.64649	-0.830479	0.591582	0.00612137	0.01
4.01	-2.65058	-0.836253	0.584667	0.000833042	0.01
4.02	-2.65368	-0.842981	0.578105	0.00132396	0.01
4.03	-2.65686	-0.850679	0.572766	0.00110854	0.01
4.04	-2.65949	-0.857155	0.565763	0.00133856	0.01
4.05	-2.66157	-0.86459	0.559576	0.000779175	0.01
4.06	-2.6644	-0.870714	0.552338	0.00152583	0.01
4.07	-2.66623	-0.87674	0.544706	0.00152875	0.01
4.08	-2.66776	-0.884288	0.538496	0.0304883	0.01
4.09	-2.66783	-0.892469	0.532942	0.00175413	0.01
4.1	-2.66961	-0.900943	0.528165	0.00499423	0.01
4.11	-2.67055	-0.909186	0.522784	0.00558393	0.01
4.12	-2.67346	-0.917469	0.518236	0.00156843	0.01
4.13	-2.6753	-0.925364	0.512576	0.00143498	0.01
4.14	-2.67852	-0.932654	0.506727	0.000497837	0.01
4.15	-2.68233	-0.939516	0.500714	0.000901957	0.01
4.16	-2.68535	-0.946347	0.494234	0.0022321	0.01
4.17	-2.68798	-0.954075	0.48866	0.00275449	0.01
4.18	-2.69066	-0.960864	0.48199	0.00212273	0.01
4.19	-2.69248	-0.968739	0.4763	0.00396996	0.01
4.2	-2.69361	-0.975988	0.469675	0.00380118	0.01
4.21	-2.69342	-0.982863	0.462576	0.00275707	0.01
4.22	-2.69415	-0.990546	0.4564	0.00169675	0.01
4.23	-2.69346	-0.998594	0.450705	0.00133228	0.01
4.24	-2.69206	-1.00727	0.446174	0.00375112	0.01
4.25	-2.69245	-1.0147	0.439672	0.00318189	0.01
4.26	-2.69049	-1.02245	0.433865	0.00283366	0.01
4.27	-2.68931	-1.03049	0.428245	0.0145637	0.01
4.28	-2.68617	-1.03866	0.423657	0.000435902	0.01
4.29	-2.68449	-1.04739	0.419338	0.00199261	0.01
4.3	-2.68267	-1.05674	0.416748	0.00152649	0.01
4.31	-2.68156	-1.06656	0.416796	0.00117529	0.01
4.32	-2.67918	-1.07591	0.414681	0.00336916	0.01
4.33	-2.67643	-1.0854	0.414422	0.00592252	0.01
4.34	-2.67259	-1.09436	0.412834	0.00228327	0.01
4.35	-2.67014	-1.10392	0.412675	0.000857667	0.01
4.36	-2.66824	-1.1134	0.41064	0.00295495	0.01
4.37	-2.66634	-1.12308	0.410319	0.00146423	0.01
4.38	-2.66338	-1.1325	0.410725	0.00188169	0.01
4.39	-2.66212	-1.14227	0.411444	0.00189384	0.01
4.4	-2.6623	-1.15201	0.413057	0.00455623	0.01
4.41	-2.66427	-1.16162	0.414189	0.0203014	0.01
4.42	-2.66357	-1.17125	0.416204	0.00219893	0.01
4.43	-2.66324	-1.18056	0.419469	0.001665	0.01
4.44	-2.6612	-1.18963	0.42279	0.00159682	0.01
4.45	-2.65965	-1.19821	0.427426	0.00717023	0.01
4.46	-2.65658	-1.20642	0.431944	0.00225757	0.01
4.47	-2.65518	-1.2156	0.435291	0.00471013	0.01
4.48	-2.65463	-1.22414	0.440201	0.00417731	0.01
4.49	-2.65544	-1.233	0.444471	0.00264085	0.01
4.5	-2.65383	-1.24158	0.449074	0.00160307	0.01
4.51	-2.65322	-1.25093	0.452152	0.00158271	0.01
4.52	-2.65114	-1.26034	0.454275	0.00196565	0.01
4.53	-2.64899	-1.26978	0.456131	0.000459235	0.01
4.54	-2.64738	-1.2789	0.459525	0.00446825	0.01
4.55	-2.64653	-1.2878	0.46371	0.00152588	0.01
4.56	-2.64588	-1.29556	0.469757	0.00234209	0.01
4.57	-2.64499	-1.30276	0.476443	0.00097872	0.01
4.58	-2.64289	-1.30944	0.483384	0.00194824	0.01
4.59	-2.64217	-1.31577	0.490911	0.000971969	0.01
4.6	-2.6399	-1.32286	0.497378	0.00137811	0.01
4.61	-2.638	-1.33089	0.502779	0.000220535	0.01
4.62	-2.63462	-1.33902	0.507235	0.0296094	0.01
4.63	-2.63142	-1.34623	0.513135	0.00186834	0.01
4.64	-2.6269	-1.35409	0.517	0.000487858	0.01
4.65	-2.62061	-1.36091	0.520324	0.00620555	0.01
4.66	-2.61349	-1.3673	0.52268	0.00270152	0.01
4.67	-2.60706	-1.37329	0.527127	0.0044823	0.01
4.68	-2.59956	-1.37763	0.531828	0.00272914	0.01
4.69	-2.59397	-1.38421	0.536566	0.00197745	0.01
4.7	-2.58826	-1.39153	0.539873	0.0018238	0.01
4.71	-2.58197	-1.39712	0.544977	0.00221729	0.01
4.72	-2.57736	-1.40387	0.550484	0.00265207	0.01
4.73	-2.57409	-1.41064	0.556849	0.00207134	0.01
4.74	-2.57089	-1.41831	0.562133	0.0268292	0.01
4.75	-2.5692	-1.4261	0.567902	0.00273117	0.01
4.76	-2.56612	-1.43321	0.57397	0.0015978	0.01
4.77	-2.56442	-1.44145	0.579067	0.00184698	0.01
4.78	-2.56408	-1.44921	0.585113	0.00251331	0.01
4.79	-2.56349	-1.45579	0.592406	0.00348174	0.01
4.8	-2.56475	-1.46301	0.598964	0.00679766	0.01
4.81	-2.56597	-1.47092	0.604682	0.00246061	0.01
4.82	-2.56641	-1.47921	0.609957	0.000507935	0.01
4.83	-2.56566	-1.48725	0.615578	0.00201444	0.01
4.84	-2.56578	-1.49614	0.619777	0.00135584	0.01
4.85	-2.56438	-1.50488	0.624068	0.00188905	0.01
4.86	-2.56365	-1.51292	0.629685	0.00236565	0.01
4.87	-2.56463	-1.52054	0.635821	0.00414931	0.01
4.88	-2.56686	-1.52821	0.641564	0.00143615	0.01
4.89	-2.5699	-1.53632	0.646206	0.00245814	0.01
4.9	-2.57478	-1.54368	0.65054	0.00192929	0.01
4.91	-2.57961	-1.54995	0.656374	0.000889033	0.01
4.92	-2.58423	-1.55772	0.660233	0.00247259	0.01
4.93	-2.58941	-1.5659	0.661934	0.00347851	0.01
4.94	-2.59678	-1.57237	0.662563	0.00359512	0.01
4.95	-2.60402	-1.57841	0.665313	0.0040304	0.01
4.96	-2.6115	-1.58379	0.668761	0.00237233	0.01
4.97	-2.61761	-1.58849	0.674848	0.00384162	0.01
4.98	-2.62373	-1.59402	0.680183	0.0037423	0.01
4.99	-2.63068	-1.59924	0.68476	0.00251986	0.01
5	-2.63542	-1.60448	0.691582	0.000410554	0.01
5.01	-2.63971	-1.60968	0.698731	0.00600214	0.01
5.02	-2.64229	-1.61616	0.705648	0.00111675	0.01
5.03	-2.6437	-1.62289	0.712653	0.00155493	0.01
5.04	-2.64589	-1.63062	0.718308	0.00518948	0.01
5.05	-2.64682	-1.63797	0.724747	0.00289607	0.01
5.06	-2.64668	-1.64629	0.729965	0.00293854	0.01
5.07	-2.64266	-1.65506	0.731758	0.00240709	0.01
5.08	-2.63803	-1.66367	0.732648	0.012027	0.01
5.09	-2.63358	-1.67198	0.735379	0.00581843	0.01
5.1	-2.6276	-1.67965	0.736613	0.00493256	0.01
5.11	-2.62154	-1.68668	0.739788	0.0014899	0.01
5.12	-2.61765	-1.69539	0.742096	0.0240961	0.01
5.13	-2.61574	-1.70438	0.745477	0.00399484	0.01
5.14	-2.616	-1.71283	0.750424	0.00114608	0.01
5.15	-2.61797	-1.72147	0.754612	0.00635176	0.01
5.16	-2.62056	-1.72945	0.759667	0.0155947	0.01
5.17	-2.62093	-1.73771	0.764903	0.0018635	0.01
5.18	-2.62302	-1.74637	0.768938	0.00214983	0.01
5.19	-2.62446	-1.75444	0.774284	0.00329401	0.01
5.2	-2.62843	-1.76267	0.777771	0.00102077	0.01
5.21	-2.63044	-1.77133	0.78187	0.00258022	0.01
5.22	-2.63297	-1.78053	0.784019	0.00203913	0.01
5.23	-2.63658	-1.78962	0.784294	0.00191802	0.01
5.24	-2.63771	-1.79886	0.78729	0.0014114	0.01
5.25	-2.64039	-1.80775	0.790362	0.00364466	0.01
5.26	-2.64282	-1.8158	0.795351	0.00213643	0.01
5.27	-2.64402	-1.82532	0.797214	0.00971984	0.01
5.28	-2.64172	-1.83482	0.79701	0.00320244	0.01
5.29	-2.63621	-1.84283	0.79606	0.00349509	0.01
5.3	-2.6319	-1.85116	0.793312	0.00157422	0.01
5.31	-2.6298	-1.86022	0.790323	0.00212018	0.01
5.32	-2.62709	-1.86919	0.78757	0.00124389	0.01
5.33	-2.62454	-1.87856	0.786476	0.0029628	0.01
5.34	-2.62477	-1.8877	0.783037	0.000684368	0.01
5.35	-2.62434	-1.8973	0.781308	0.00196407	0.01
5.36	-2.62245	-1.90624	0.777865	0.00159331	0.01
5.37	-2.62071	-1.91422	0.772513	0.00194097	0.01
5.38	-2.62092	-1.92298	0.768221	0.00115827	0.01
5.39	-2.6239	-1.93135	0.764173	0.00107425	0.01
5.4	-2.62727	-1.93896	0.759081	0.00268234	0.01
5.41	-2.63103	-1.94733	0.755741	0.00198575	0.01
5.42	-2.63284	-1.95615	0.751976	0.00308186	0.01
5.43	-2.63687	-1.96475	0.749752	0.00365593	0.01
5.44	-2.64341	-1.97194	0.748948	0.00291192	0.01
5.45	-2.65002	-1.97882	0.75099	0.00398007	0.01
5.46	-2.65728	-1.98395	0.755009	0.000532099	0.01
5.47	-2.66569	-1.98719	0.758725	0.00360503	0.01
5.48	-2.67306	-1.99012	0.764404	0.000456671	0.01
5.49	-2.68	-1.9927	0.770745	0.00233723	0.01
5.5	-2.68781	-1.99585	0.775651	0.0012411	0.01
5.51	-2.69459	-2.00058	0.780812	0.00343765	0.01
5.52	-2.69979	-2.00541	0.787491	0.00294583	0.01
5.53	-2.70339	-2.01198	0.793724	0.00207431	0.01
5.54	-2.70382	-2.02011	0.799071	0.00210139	0.01
5.55	-2.70434	-2.02679	0.806145	0.00255264	0.01
5.56	-2.70481	-2.03185	0.814457	0.00344918	0.01
5.57	-2.70462	-2.03591	0.823305	0.00268067	0.01
5.58	-2.70376	-2.04243	0.83048	0.00306306	0.01
5.59	-2.70395	-2.05021	0.836326	0.0027816	0.01
5.6	-2.70255	-2.05789	0.842149	0.0028358	0.01
5.61	-2.70096	-2.06435	0.849248	0.00169229	0.01
5.62	-2.70111	-2.07279	0.854081	0.000583519	0.01
5.63	-2.70199	-2.08113	0.859017	0.00441663	0.01
5.64	-2.70585	-2.08871	0.863738	0.00244308	0.01
5.65	-2.70774	-2.09591	0.869999	0.0032272	0.01
5.66	-2.70968	-2.10141	0.877775	0.000614563	0.01
5.67	-2.70941	-2.10688	0.885811	0.00268609	0.01
5.68	-2.70859	-2.1104	0.894835	0.00272764	0.01
5.69	-2.70689	-2.1089	0.904287	0.00170973	0.01
5.7	-2.70689	-2.1059	0.913528	0.00743023	0.01
5.71	-2.70855	-2.10366	0.92283	0.000671611	0.01
5.72	-2.71382	-2.10224	0.930867	0.0114822	0.01
5.73	-2.71728	-2.09819	0.938978	0.0044147	0.01
5.74	-2.7226	-2.09394	0.945888	0.00380123	0.01
5.75	-2.72903	-2.08845	0.950635	0.00105119	0.01
5.76	-2.73423	-2.08061	0.953002	0.00346409	0.01
5.77	-2.73687	-2.07269	0.957924	0.00245896	0.01
5.78	-2.73623	-2.06717	0.965867	0.00170834	0.01
5.79	-2.73493	-2.06049	0.972768	0.000656439	0.01
5.8	-2.73371	-2.05189	0.968464	0.00145398	0.01
5.81	-2.73163	-2.0443	0.962815	0.00127044	0.01
5.82	-2.73022	-2.03941	0.95457	0.0031647	0.01
5.83	-2.72607	-2.0333	0.948308	0.0011881	0.01
5.84	-2.71966	-2.02849	0.94286	0.00367913	0.01
5.85	-2.71664	-2.02182	0.936524	0.00213895	0.01
5.86	-2.71701	-2.01641	0.928508	0.00334628	0.01
5.87	-2.715	-2.01054	0.921085	0.00394721	0.01
5.88	-2.71052	-2.00421	0.915299	0.00084465	0.01
5.89	-2.70711	-2	0.907282	0.000657617	0.01
5.9	-2.704	-1.99414	0.90025	0.00462525	0.01
5.91	-2.69931	-1.98679	0.896058	0.00113026	0.01
5.92	-2.6974	-1.9789	0.89082	0.00365335	0.01
5.93	-2.69355	-1.97065	0.887562	0.0031149	0.01
5.94	-2.68844	-1.96246	0.888051	0.00450456	0.01
5.95	-2.68439	-1.95867	0.895957	0.0265319	0.01
5.96	-2.67777	-1.9542	0.901333	0.00260917	0.01
5.97	-2.67261	-1.94811	0.906721	0.00112235	0.01
5.98	-2.66806	-1.94369	0.91396	0.00191359	0.01
5.99	-2.66258	-1.94079	0.921324	0.000473438	0.01
6	-2.65614	-1.94148	0.928447	0.00321903	0.01
6.01	-2.64924	-1.93991	0.934964	0.000620936	0.01
6.02	-2.64086	-1.93775	0.939155	0.00212609	0.01
6.03	-2.63213	-1.93757	0.943189	0.00133066	0.01
6.04	-2.62269	-1.93611	0.944268	0.0024154	0.01
6.05	-2.61325	-1.93481	0.942956	0.0014942	0.01
6.06	-2.60389	-1.93621	0.941263	0.00239618	0.01
6.07	-2.59434	-1.93565	0.942072	0.00171458	0.01
6.08	-2.58546	-1.93428	0.938647	0.00173072	0.01
6.09	-2.57743	-1.93081	0.934695	0.00395902	0.01
6.1	-2.56889	-1.92835	0.931057	0.00361554	0.01
6.11	-2.56021	-1.92858	0.926971	0.0021385	0.01
6.12	-2.55188	-1.92496	0.923889	0.000894668	0.01
6.13	-2.54297	-1.92144	0.92347	0.00208491	0.01
6.14	-2.5358	-1.91568	0.920752	0.000766832	0.01
6.15	-2.53144	-1.90853	0.916096	0.00358279	0.01
6.16	-2.52689	-1.90337	0.909423	0.00527788	0.01
6.17	-2.52055	-1.89817	0.904473	0.00123837	0.01
6.18	-2.51545	-1.89089	0.900916	0.00482576	0.01
6.19	-2.51248	-1.88223	0.898142	0.00196615	0.01
6.2	-2.51456	-1.8731	0.896176	0.00311992	0.01
6.21	-2.51754	-1.86443	0.893447	0.00241765	0.01
6.22	-2.52087	-1.85737	0.887939	0.00613305	0.01
6.23	-2.52323	-1.85006	0.88227	0.00271838	0.01
6.24	-2.52312	-1.84097	0.87936	0.00271477	0.01
6.25	-2.52045	-1.8326	0.875617	0.00137855	0.01
6.26	-2.51906	-1.82364	0.872661	0.00229393	0.01
6.27	-2.5193	-1.81441	0.870287	0.00246783	0.01
6.28	-2.52257	-1.80565	0.868473	0.00192734	0.01
6.29	-2.52856	-1.79847	0.870342	0.00052317	0.01
6.3	-2.53292	-1.79002	0.869871	0.00140097	0.01
6.31	-2.53538	-1.78082	0.870365	0.0026509	0.01
6.32	-2.54122	-1.77347	0.871905	0.00286153	0.01
6.33	-2.54674	-1.76588	0.873482	0.00208354	0.01
6.34	-2.55204	-1.75806	0.872309	0.0021587	0.01
6.35	-2.55768	-1.75135	0.868638	0.00302097	0.01
6.36	-2.56124	-1.74352	0.864602	0.00252665	0.01
6.37	-2.56418	-1.73753	0.857835	0.000589858	0.01
6.38	-2.57041	-1.73089	0.855137	0.00196374	0.01
6.39	-2.57436	-1.72273	0.852319	0.00258247	0.01
6.4	-2.57867	-1.71428	0.852627	0.00285925	0.01
6.41	-2.57934	-1.70653	0.858053	0.00688537	0.01
6.42	-2.58193	-1.69945	0.863785	0.00224236	0.01
6.43	-2.5851	-1.69114	0.86702	0.00207046	0.01
6.44	-2.58759	-1.68551	0.874208	0.00261447	0.01
6.45	-2.59244	-1.68047	0.880574	0.0025681	0.01
6.46	-2.5947	-1.67404	0.887125	0.00392519	0.01
6.47	-2.59762	-1.66659	0.892141	0.00237689	0.01
6.48	-2.60125	-1.66288	0.900028	0.0487917	0.01
6.49	-2.60142	-1.65979	0.908814	0.00207048	0.01
6.5	-2.60212	-1.65791	0.917906	0.00255122	0.01
6.51	-2.60332	-1.65976	0.926942	0.00212142	0.01
6.52	-2.60405	-1.66284	0.935684	0.000589845	0.01
6.53	-2.60547	-1.6681	0.943208	0.00224065	0.01
6.54	-2.60434	-1.67176	0.95167	0.000905016	0.01
6.55	-2.60024	-1.67644	0.958557	0.00307941	0.01
6.56	-2.59365	-1.68192	0.962085	0.00201552	0.01
6.57	-2.59031	-1.68957	0.966115	0.00303656	0.01
6.58	-2.58406	-1.69474	0.97058	0.00281089	0.01
6.59	-2.58082	-1.69967	0.977699	0.00227562	0.01
6.6	-2.57603	-1.7014	0.985407	0.00313405	0.01
6.61	-2.56853	-1.69791	0.989492	0.00215459	0.01
6.62	-2.56158	-1.6921	0.991198	0.00290929	0.01
6.63	-2.55454	-1.688	0.995482	0.00369574	0.01
6.64	-2.54714	-1.68257	0.994842	0.00262577	0.01
6.65	-2.53978	-1.67926	0.990453	0.00191693	0.01
6.66	-2.53388	-1.67333	0.986682	0.00331001	0.01
6.67	-2.53142	-1.66554	0.982543	0.00262532	0.01
6.68	-2.52431	-1.66256	0.977605	0.00156778	0.01
6.69	-2.51584	-1.66469	0.974901	0.00306373	0.01
6.7	-2.50908	-1.66557	0.96882	0.00285382	0.01
6.71	-2.50237	-1.66867	0.963481	0.00266976	0.01
6.72	-2.49632	-1.66991	0.956796	0.000987928	0.01
6.73	-2.49251	-1.67525	0.95048	0.00612731	0.01
6.74	-2.49577	-1.68331	0.947909	0.0038482	0.01
6.75	-2.50037	-1.69109	0.947382	0.00345639	0.01
6.76	-2.50755	-1.69258	0.95265	0.00328718	0.01
6.77	-2.51543	-1.69642	0.954768	0.0018919	0.01
6.78	-2.52385	-1.69522	0.957754	0.00376039	0.01
6.79	-2.53031	-1.68903	0.958493	0.00318222	0.01
6.8	-2.5379	-1.68582	0.962015	0.00236146	0.01
6.81	-2.54533	-1.68644	0.966984	0.00335221	0.01
6.82	-2.55383	-1.68477	0.969151	0.00152058	0.01
6.83	-2.56156	-1.68185	0.972518	0.00246209	0.01
6.84	-2.57017	-1.68226	0.974757	0.00281474	0.01
6.85	-2.57415	-1.68819	0.980047	0.00333204	0.01
6.86	-2.57564	-1.69661	0.982381	0.00473616	0.01
6.87	-2.57533	-1.70461	0.978656	0.00277965	0.01
6.88	-2.57634	-1.71336	0.978881	0.00354141	0.01
6.89	-2.57567	-1.72099	0.97459	0.00405238	0.01
6.9	-2.57144	-1.72838	0.972564	0.00243567	0.01
6.91	-2.56509	-1.73265	0.968357	0.00298273	0.01
6.92	-2.5601	-1.73914	0.965399	0.00264533	0.01
6.93	-2.5552	-1.74297	0.95934	0.0135092	0.01
6.94	-2.55187	-1.74923	0.954552	0.00363379	0.01
6.95	-2.54687	-1.75492	0.958452	0.00157744	0.01
6.96	-2.54361	-1.76273	0.959285	0.0043326	0.01
6.97	-2.54423	-1.76695	0.951986	0.000843884	0.01
6.98	-2.54117	-1.77048	0.944952	0.00114962	0.01
6.99	-2.53569	-1.77562	0.941123	0.00456999	0.01
7	-2.52833	-1.77634	0.937204	0.00273812	0.01
7.01	-2.52421	-1.77615	0.929954	0.00530714	0.01
7.02	-2.51696	-1.77878	0.926963	0.00363267	0.01
7.03	-2.51763	-1.77776	0.935091	0.0029315	0.01
7.04	-2.51633	-1.76978	0.936323	0.00453834	0.01
7.05	-2.51805	-1.76248	0.933264	0.0104121	0.01
7.06	-2.51706	-1.75487	0.935138	0.00296583	0.01
7.07	-2.51593	-1.75285	0.942628	0.00302314	0.01
7.08	-2.51127	-1.74813	0.946689	0.00655569	0.01
7.09	-2.50896	-1.74183	0.943035	0.00784115	0.01
7.1	-2.51426	-1.73677	0.941682	0.00494905	0.01
7.11	-2.51549	-1.73893	0.948566	0.00365042	0.01
7.12	-2.5196	-1.73944	0.954478	0.00988896	0.01
7.13	-2.51663	-1.73783	0.9605	0.00160334	0.01
7.14	-2.51097	-1.73559	0.957363	0.00569638	0.01
7.15	-2.51394	-1.73922	0.952659	0.00551644	0.01
7.16	-2.51939	-1.74261	0.952755	0.00621912	0.01
7.17	-2.51983	-1.74695	0.95707	0.00552806	0.01
7.18	-2.51614	-1.74243	0.957699	0.00189691	0.01
7.19	-2.51188	-1.73874	0.956489	0.00615469	0.01
7.2	-2.51002	-1.7338	0.957692	0.00618063	0.01
7.21	-2.51137	-1.72976	0.95501	0.0113122	0.01
7.22	-2.51505	-1.73178	0.954564	0.00696681	0.01
7.23	-2.5115	-1.73209	0.955374	0.00707362	0.01
7.24	-2.50967	-1.73409	0.956773	0.00452086	0.01
7.25	-2.51192	-1.73474	0.958019	0.019515	0.01
7.25998	-2.51299	-1.73443	0.957976	0.0269556	0.00998059
