0.01	0.00034043	-0.000752263	0.00993135	0.00377593	0.01
0.02	0.0012965	-0.00147599	0.0198245	0.00197444	0.01
0.03	0.00119261	-0.00140015	0.0297891	0.00125064	0.01
0.04	0.00209195	-0.00178349	0.0397065	0.00128717	0.01
0.05	0.00294476	-0.00129315	0.0496233	0.00243142	0.01
0.06	0.00314614	-0.000858672	0.0595771	0.00251141	0.01
0.07	0.00395894	-0.000205828	0.0694878	0.00061598	0.01
0.08	0.0093276	0.00205637	0.0775728	0.00664617	0.01
0.09	0.0135533	0.00474349	0.0861883	0.000914586	0.01
0.1	0.0171046	0.00843325	0.0947368	0.00132459	0.01
0.11	0.0214139	0.0122521	0.10287	0.00495236	0.01
0.12	0.0248272	0.0156766	0.111583	0.00395116	0.01
0.13	0.0276319	0.01936	0.120408	0.00383283	0.01
0.14	0.0296581	0.0233088	0.129329	0.00283349	0.01
0.15	0.0316259	0.027141	0.138315	0.00144148	0.01
0.16	0.0335851	0.0317399	0.146935	0.00449982	0.01
0.17	0.0348753	0.0361199	0.155792	0.00410817	0.01
0.18	0.0371275	0.0404725	0.164468	0.00374475	0.01
0.19	0.0410448	0.0446774	0.172608	0.00202951	0.01
0.2	0.0438588	0.0490311	0.181118	0.00377555	0.01
0.21	0.0461167	0.0529153	0.190012	0.00181357	0.01
0.22	0.0480786	0.056729	0.199006	0.00154623	0.01
0.23	0.0503549	0.0602178	0.208057	0.00811686	0.01
0.24	0.0515826	0.0636203	0.217342	0.00198349	0.01
0.25	0.053869	0.0665749	0.226579	0.00602484	0.01
0.26	0.0565953	0.0691895	0.235799	0.00195922	0.01
0.27	0.0583594	0.0715357	0.24532	0.0019531	0.01
0.28	0.0608924	0.0735092	0.254752	0.00123073	0.01
0.29	0.063019	0.0752291	0.264333	0.00348573	0.01
0.3	0.0659578	0.0776985	0.273528	0.000436397	0.01
0.31	0.0685387	0.0794316	0.282994	0.00183091	0.01
0.32	0.0709939	0.0818548	0.292341	0.00484896	0.01
0.33	0.0729719	0.0836385	0.301942	0.00146046	0.01
0.34	0.0749491	0.0866358	0.311236	0.00112781	0.01
0.35	0.0772298	0.0901065	0.320293	0.0030108	0.01
0.36	0.0785961	0.0933422	0.329616	0.00270591	0.01
0.360934	0.0787625	0.093621	0.330492	0.000111117	0.000934015
0.370934	0.0779391	0.0999728	0.338083	0.00177686	0.01
0.380934	0.0782079	0.105796	0.346124	0.00251054	0.01
0.390934	0.0772467	0.112442	0.353441	0.00246187	0.01
0.400934	0.0755415	0.119205	0.360512	0.00202091	0.01
0.410934	0.0742509	0.125437	0.368136	0.00104181	0.01
0.420934	0.0722363	0.130849	0.376216	0.0013479	0.01
0.430934	0.0699389	0.134661	0.385095	0.00105371	0.01
0.440934	0.0687211	0.137202	0.394618	0.00379436	0.01
0.450934	0.0686394	0.14027	0.404063	0.000516392	0.01
0.460934	0.0671438	0.143434	0.413357	0.00478982	0.01
0.470934	0.0663077	0.145781	0.42297	0.00265274	0.01
0.480934	0.0644611	0.148267	0.432405	0.0044046	0.01
0.490934	0.0641104	0.149975	0.442181	0.00328337	0.01
0.500934	0.0645987	0.150891	0.452056	0.0039518	0.01
0.510934	0.0647426	0.150595	0.461981	0.00268472	0.01
0.520934	0.0655577	0.14948	0.471814	0.000723682	0.01
0.530934	0.0660663	0.149583	0.48173	0.00241546	0.01
0.540934	0.0666417	0.148521	0.491585	0.00141004	0.01
0.550934	0.0679541	0.146351	0.501185	0.00307231	0.01
0.560934	0.067823	0.143135	0.510578	0.00195325	0.01
0.570934	0.0671167	0.13855	0.519357	0.00527485	0.01
0.580934	0.0676075	0.133784	0.528052	0.00308903	0.01
0.590934	0.0683379	0.128818	0.536618	0.00186978	0.01
0.600934	0.0686629	0.124526	0.545565	0.00181335	0.01
0.610934	0.0695119	0.119065	0.553812	0.00327062	0.01
0.620934	0.0701382	0.112641	0.561356	0.000606905	0.01
0.630934	0.0698233	0.105105	0.56781	0.00124379	0.01
0.640934	0.0704751	0.0980732	0.574788	0.00910102	0.01
0.650934	0.0696669	0.0912325	0.581936	0.00281975	0.01
0.660934	0.0647873	0.0868424	0.589383	0.00172002	0.01
0.670934	0.0602154	0.0831462	0.597381	0.00210959	0.01
0.680934	0.0559843	0.078849	0.605266	0.00156775	0.01
0.690934	0.0526628	0.0750545	0.613816	0.000417849	0.01
0.700934	0.0481986	0.0716187	0.621989	0.0028691	0.01
0.710934	0.0437374	0.0671047	0.629621	0.00179546	0.01
0.720934	0.0390923	0.0618548	0.636648	0.00329772	0.01
0.730934	0.0338543	0.0581507	0.644222	0.00163419	0.01
0.740934	0.0296617	0.0545235	0.652455	0.000429722	0.01
0.750934	0.0249154	0.051907	0.66077	0.000420392	0.01
0.760934	0.019364	0.0487791	0.66838	0.00345916	0.01
0.770934	0.0144485	0.046273	0.676631	0.00284052	0.01
0.780934	0.009461	0.0423482	0.684261	0.00257961	0.01
0.790934	0.00530227	0.0387591	0.692527	0.00181374	0.01
0.800934	0.000247289	0.0339205	0.699565	0.00200921	0.01
0.810934	-0.00524078	0.0283262	0.705655	0.00084471	0.01
0.820934	-0.0113511	0.0224484	0.710813	0.000757428	0.01
0.830934	-0.0180198	0.0175894	0.716328	0.00670185	0.01
0.840934	-0.0244267	0.0130163	0.722371	0.00135894	0.01
0.850934	-0.0303501	0.00933121	0.729429	0.000358667	0.01
0.860934	-0.0358129	0.00423911	0.735964	0.00186441	0.01
0.870934	-0.0336117	-0.00499431	0.738858	0.00484779	0.01
0.880934	-0.0326032	-0.0148292	0.738006	0.00113887	0.01
0.890934	-0.0334916	-0.0243621	0.740614	0.00200596	0.01
0.900934	-0.033919	-0.0332833	0.744938	0.000925096	0.01
0.910934	-0.0344086	-0.0392303	0.752866	0.00404437	0.01
0.920934	-0.0331785	-0.0446564	0.761082	0.000378693	0.01
0.930934	-0.0326311	-0.0491841	0.769894	0.00401456	0.01
0.940934	-0.0307665	-0.0546661	0.777951	0.00158451	0.01
0.950934	-0.0291823	-0.0610396	0.785389	0.00108261	0.01
0.960934	-0.0284891	-0.0661509	0.793865	0.00359629	0.01
0.970934	-0.0300911	-0.0705749	0.8026	0.00180252	0.01
0.980934	-0.0293871	-0.0752662	0.811314	0.00200184	0.01
0.990934	-0.0300985	-0.07876	0.820572	0.00239521	0.01
1.00093	-0.0307829	-0.0817281	0.830014	0.00496864	0.01
1.01093	-0.0315962	-0.0857917	0.839028	0.00176486	0.01
1.02093	-0.0333572	-0.0895813	0.848025	0.00362979	0.01
1.03093	-0.0347526	-0.0921242	0.857512	0.0050443	0.01
1.04093	-0.0376716	-0.0959302	0.866195	0.0025681	0.01
1.05093	-0.0407764	-0.0984678	0.875268	0.00136096	0.01
1.06093	-0.0445291	-0.101421	0.883963	0.00472408	0.01
1.07093	-0.046673	-0.105165	0.892894	0.015911	0.01
1.08093	-0.049701	-0.109669	0.901195	0.00132559	0.01
1.09093	-0.0538917	-0.116199	0.907371	0.00243287	0.01
1.10093	-0.0568376	-0.121973	0.914877	0.0018737	0.01
1.11093	-0.0593899	-0.127055	0.923002	0.00229184	0.01
1.12093	-0.0634046	-0.131903	0.930665	0.00437092	0.01
1.13093	-0.0685056	-0.13515	0.938525	0.0058402	0.01
1.14093	-0.0723641	-0.13978	0.946399	0.000372556	0.01
1.15093	-0.0773832	-0.14305	0.954301	0.000911305	0.01
1.16093	-0.0829407	-0.144983	0.962282	0.00269611	0.01
1.17093	-0.0892398	-0.147627	0.969469	0.00116224	0.01
1.18093	-0.0949984	-0.149295	0.977367	0.000592878	0.01
1.19093	-0.100282	-0.150327	0.985694	0.0028355	0.01
1.20093	-0.106304	-0.151122	0.993531	0.00343822	0.01
1.21093	-0.112556	-0.151102	1.00123	0.000966913	0.01
1.22093	-0.118545	-0.152637	1.00898	0.00757897	0.01
1.23093	-0.123429	-0.153599	1.01755	0.00218606	0.01
1.24093	-0.129416	-0.153514	1.02545	0.000285151	0.01
1.25093	-0.136156	-0.152694	1.03268	0.00169288	0.01
1.26093	-0.144043	-0.152214	1.03866	0.00353861	0.01
1.27093	-0.150451	-0.151049	1.04614	0.00162405	0.01
1.28093	-0.156264	-0.150983	1.05417	0.00256235	0.01
1.29093	-0.162963	-0.151453	1.06146	0.00464095	0.01
1.30093	-0.169439	-0.153027	1.0688	0.00262394	0.01
1.31093	-0.175466	-0.153329	1.07666	0.00246936	0.01
1.32093	-0.180835	-0.154985	1.08482	0.00065815	0.01
1.33093	-0.183359	-0.158667	1.09367	0.00235342	0.01
1.34093	-0.186886	-0.162609	1.10206	0.0131648	0.01
1.35093	-0.190067	-0.167702	1.10994	0.00693442	0.01
1.36093	-0.192724	-0.174177	1.11696	0.00388981	0.01
1.37093	-0.193944	-0.181202	1.12384	0.000379484	0.01
1.38093	-0.19682	-0.188648	1.12971	0.0029351	0.01
1.39093	-0.199725	-0.194893	1.13683	0.00232521	0.01
1.40093	-0.201343	-0.201243	1.14426	0.00111964	0.01
1.41093	-0.201999	-0.207602	1.15183	0.00476001	0.01
1.42093	-0.203291	-0.213091	1.15998	0.00257406	0.01
1.43093	-0.204833	-0.217317	1.16881	0.00323704	0.01
1.44093	-0.207134	-0.222639	1.17684	0.0071634	0.01
1.45093	-0.208366	-0.228489	1.18474	0.00182073	0.01
1.46093	-0.210482	-0.232427	1.19358	0.00142986	0.01
1.47093	-0.212575	-0.237335	1.20193	0.00196578	0.01
1.48093	-0.213391	-0.242247	1.21049	0.00116689	0.01
1.49093	-0.2154	-0.245675	1.21957	0.00362789	0.01
1.50093	-0.216533	-0.24992	1.22844	0.00100846	0.01
1.51093	-0.216791	-0.253289	1.23776	0.00448226	0.01
1.52093	-0.215322	-0.256295	1.24708	0.00220544	0.01
1.53093	-0.214975	-0.258908	1.25663	0.0020195	0.01
1.54093	-0.215618	-0.262163	1.26596	0.00283271	0.01
1.55093	-0.215887	-0.2665	1.27486	0.00202424	0.01
1.56093	-0.215676	-0.269036	1.28443	0.00230844	0.01
1.57093	-0.216754	-0.271342	1.294	0.00263629	0.01
1.58093	-0.217268	-0.272384	1.30383	0.000560607	0.01
1.59093	-0.218246	-0.273122	1.31366	0.00232695	0.01
1.60093	-0.219708	-0.272615	1.32344	0.00363665	0.01
1.61093	-0.222306	-0.273021	1.33299	0.000692481	0.01
1.62093	-0.228131	-0.274791	1.3408	0.00122647	0.01
1.63093	-0.235047	-0.278288	1.34696	0.00107517	0.01
1.64093	-0.241029	-0.280902	1.35441	0.00448288	0.01
1.65093	-0.245598	-0.2831	1.36291	0.00314004	0.01
1.66093	-0.245943	-0.284965	1.37263	0.00342226	0.01
1.67093	-0.246213	-0.288005	1.38205	0.00114791	0.01
1.68093	-0.24787	-0.290918	1.39137	0.00147265	0.01
1.69093	-0.25111	-0.294595	1.39997	0.0146965	0.01
1.70093	-0.255309	-0.297549	1.40843	0.00331382	0.01
1.71093	-0.259344	-0.299169	1.41732	0.00092531	0.01
1.72093	-0.264216	-0.302608	1.42522	0.000660635	0.01
1.73093	-0.270581	-0.306421	1.43177	0.000831508	0.01
1.74093	-0.275457	-0.31092	1.43912	0.00106453	0.01
1.75093	-0.281876	-0.315415	1.44517	0.00167402	0.01
1.76093	-0.288707	-0.319002	1.45136	0.00128006	0.01
1.77093	-0.296861	-0.321032	1.45659	0.00170397	0.01
1.78093	-0.304098	-0.322829	1.4631	0.00197705	0.01
1.79093	-0.310761	-0.321734	1.47034	0.00329053	0.01
1.80093	-0.317047	-0.322403	1.47795	0.00226812	0.01
1.81093	-0.322694	-0.323829	1.48595	0.00149143	0.01
1.82093	-0.3295	-0.325417	1.49296	0.003318	0.01
1.83093	-0.336499	-0.326068	1.49992	0.00224484	0.01
1.84093	-0.344688	-0.326711	1.50544	0.00137722	0.01
1.85093	-0.353501	-0.328208	1.50968	0.00252244	0.01
1.86093	-0.362562	-0.328414	1.51365	0.00444709	0.01
1.87093	-0.371598	-0.326744	1.51732	0.00118501	0.01
1.88093	-0.380255	-0.324599	1.52161	0.00179321	0.01
1.89093	-0.388225	-0.321378	1.5265	0.00189105	0.01
1.90093	-0.396514	-0.318969	1.53134	0.00491074	0.01
1.91093	-0.404351	-0.317408	1.53717	0.0015825	0.01
1.92093	-0.41161	-0.314639	1.54329	0.000904075	0.01
1.93093	-0.419435	-0.313835	1.54929	0.00226785	0.01
1.94093	-0.426571	-0.313091	1.5561	0.00122042	0.01
1.95093	-0.433144	-0.311128	1.56323	0.00162797	0.01
1.96093	-0.440649	-0.311068	1.56967	0.0019326	0.01
1.97093	-0.448433	-0.31274	1.57554	0.00221104	0.01
1.98093	-0.455953	-0.313784	1.58188	0.00192118	0.01
1.99093	-0.463569	-0.313023	1.58815	0.00568248	0.01
2.00093	-0.470677	-0.314473	1.59487	0.0018544	0.01
2.01093	-0.477117	-0.314296	1.60237	0.00258882	0.01
2.02093	-0.48399	-0.313998	1.60948	0.00143653	0.01
2.03093	-0.490376	-0.314015	1.61703	0.00171438	0.01
2.04093	-0.496168	-0.312581	1.62492	0.000752694	0.01
2.05093	-0.502033	-0.312338	1.63287	0.00213416	0.01
2.06093	-0.506612	-0.31149	1.6416	0.00503563	0.01
2.07093	-0.510487	-0.312137	1.65067	0.00110383	0.01
2.08093	-0.515619	-0.318147	1.65661	0.00130452	0.01
2.09093	-0.521887	-0.323243	1.66231	0.0029164	0.01
2.10093	-0.528343	-0.328933	1.66718	0.00252054	0.01
2.11093	-0.535145	-0.333414	1.67279	0.000834105	0.01
2.12093	-0.542606	-0.33847	1.67685	0.00225392	0.01
2.13093	-0.548347	-0.344175	1.68253	0.00155461	0.01
2.14093	-0.554039	-0.348809	1.68915	0.0016021	0.01
2.15093	-0.559301	-0.352667	1.69658	0.00302272	0.01
2.16093	-0.56336	-0.357242	1.70434	0.00227104	0.01
2.17093	-0.567986	-0.361401	1.71202	0.00194024	0.01
2.18093	-0.571988	-0.364461	1.72053	0.00348024	0.01
2.19093	-0.576758	-0.366221	1.72901	0.0017256	0.01
2.20093	-0.582548	-0.368256	1.73675	0.00212207	0.01
2.21093	-0.588935	-0.369869	1.74412	0.00206595	0.01
2.22093	-0.597205	-0.371864	1.74915	0.00279669	0.01
2.23093	-0.604859	-0.373198	1.75526	0.00509118	0.01
2.24093	-0.613543	-0.375666	1.75928	0.00254357	0.01
2.25093	-0.621614	-0.377902	1.76452	0.000674827	0.01
2.26093	-0.630286	-0.37924	1.76906	0.000512068	0.01
2.27093	-0.639202	-0.381388	1.77275	0.00485286	0.01
2.28093	-0.646996	-0.384513	1.77795	0.00203595	0.01
2.29093	-0.654524	-0.388895	1.78261	0.00214737	0.01
2.30093	-0.66237	-0.393537	1.78642	0.00171827	0.01
2.31093	-0.670861	-0.396363	1.79061	0.00159345	0.01
2.32093	-0.678896	-0.400799	1.79426	0.0013463	0.01
2.33093	-0.686033	-0.405703	1.79902	0.00264625	0.01
2.34093	-0.69305	-0.411133	1.80336	0.00148419	0.01
2.35093	-0.700549	-0.416352	1.80712	0.00318609	0.01
2.36093	-0.707232	-0.42131	1.81244	0.00250178	0.01
2.37093	-0.714283	-0.424908	1.81835	0.0027867	0.01
2.38093	-0.721722	-0.429205	1.82322	0.00151535	0.01
2.39093	-0.728398	-0.434865	1.8278	0.00281004	0.01
2.40093	-0.734942	-0.440971	1.83197	0.00231226	0.01
2.41093	-0.741597	-0.447512	1.83521	0.00267686	0.01
2.42093	-0.748518	-0.453151	1.83943	0.00229139	0.01
2.43093	-0.75516	-0.460173	1.84145	0.00209693	0.01
2.44093	-0.76082	-0.468226	1.84067	0.00232583	0.01
2.45093	-0.767569	-0.475406	1.8413	0.00191834	0.01
2.46093	-0.774646	-0.482228	1.84037	0.00263505	0.01
2.47093	-0.781156	-0.489299	1.83811	0.00520412	0.01
2.48093	-0.785692	-0.49645	1.83303	0.00333923	0.01
2.49093	-0.791554	-0.503961	1.83045	0.00286015	0.01
2.50093	-0.795868	-0.511402	1.82561	0.00102974	0.01
2.51093	-0.798464	-0.519868	1.82124	0.00270114	0.01
2.52093	-0.799898	-0.529171	1.81827	0.00172624	0.01
2.53093	-0.800462	-0.538472	1.81502	0.00400952	0.01
2.54093	-0.800505	-0.54755	1.81115	0.00184688	0.01
2.55093	-0.801103	-0.557052	1.80855	0.00735919	0.01
2.56093	-0.801961	-0.566778	1.80712	0.00291479	0.01
2.57093	-0.803512	-0.576515	1.80674	0.00414388	0.01
2.58093	-0.804261	-0.586283	1.8079	0.00239062	0.01
2.59093	-0.807236	-0.595565	1.80943	0.00236829	0.01
2.60093	-0.811007	-0.60468	1.80961	0.00173777	0.01
2.61093	-0.814751	-0.613771	1.8088	0.0015311	0.01
2.62093	-0.818045	-0.622727	1.8063	0.00149296	0.01
2.63093	-0.822936	-0.631024	1.80417	0.00191742	0.01
2.64093	-0.827719	-0.638869	1.80058	0.000370446	0.01
2.65093	-0.832612	-0.646998	1.79789	0.00167062	0.01
2.66093	-0.838263	-0.653992	1.79383	0.00543611	0.01
2.67093	-0.844445	-0.66131	1.79149	0.00256427	0.01
2.68093	-0.851836	-0.667416	1.78917	0.00162701	0.01
2.69093	-0.858054	-0.674148	1.78553	0.00379625	0.01
2.70093	-0.863549	-0.681938	1.78301	0.00121844	0.01
2.71093	-0.866667	-0.690531	1.77931	0.0017466	0.01
2.72093	-0.868997	-0.699133	1.77509	0.00227812	0.01
2.73093	-0.872244	-0.706813	1.76983	0.000937738	0.01
2.74093	-0.873354	-0.71494	1.76436	0.00164625	0.01
2.75093	-0.876486	-0.723359	1.7603	0.00121533	0.01
2.76093	-0.87922	-0.732575	1.75811	0.00672624	0.01
2.77093	-0.882754	-0.741752	1.75742	0.0287744	0.01
2.78093	-0.884583	-0.751111	1.75495	0.00408077	0.01
2.79093	-0.888103	-0.76	1.75258	0.003958	0.01
2.80093	-0.891411	-0.769201	1.7514	0.00325852	0.01
2.81093	-0.892985	-0.778774	1.74971	0.00315569	0.01
2.82093	-0.895769	-0.78779	1.74689	0.00198347	0.01
2.83093	-0.897556	-0.79592	1.74163	0.00110051	0.01
2.84093	-0.899438	-0.803767	1.73599	0.00264158	0.01
2.85093	-0.899519	-0.810771	1.72907	0.00210917	0.01
2.86093	-0.898096	-0.816267	1.72102	0.00117046	0.01
2.87093	-0.897032	-0.819013	1.71163	0.00127459	0.01
2.88093	-0.895766	-0.819861	1.7019	0.00244427	0.01
2.89093	-0.89347	-0.81702	1.69276	0.00209603	0.01
2.90093	-0.88984	-0.816358	1.68363	0.00108009	0.01
2.91093	-0.883035	-0.823234	1.68545	0.00054397	0.01
2.92093	-0.874464	-0.828066	1.68516	0.0015433	0.01
2.93093	-0.865593	-0.831937	1.68337	0.0023049	0.01
2.94093	-0.857681	-0.8375	1.68154	0.00192587	0.01
2.95093	-0.851832	-0.844643	1.67813	0.00146241	0.01
2.96093	-0.843961	-0.849934	1.6755	0.00107174	0.01
2.97093	-0.835856	-0.854064	1.67175	0.00045451	0.01
2.98093	-0.828796	-0.85908	1.66708	0.00189839	0.01
2.99093	-0.824029	-0.863415	1.65964	0.00156057	0.01
3.00093	-0.820067	-0.868011	1.65189	0.00209442	0.01
3.01093	-0.814865	-0.872035	1.64457	0.00052479	0.01
3.02093	-0.808352	-0.876433	1.63865	0.00273567	0.01
3.03093	-0.80059	-0.881152	1.63487	0.00694257	0.01
3.04093	-0.793441	-0.887337	1.63215	0.0047908	0.01
3.05093	-0.785978	-0.892327	1.62813	0.0104438	0.01
3.06093	-0.778967	-0.895268	1.6219	0.0100221	0.01
3.07093	-0.770597	-0.897784	1.6174	0.00309172	0.01
3.08093	-0.764328	-0.901442	1.61077	0.0013805	0.01
3.09093	-0.757807	-0.903573	1.60373	0.0024592	0.01
3.10093	-0.751431	-0.904043	1.59627	0.00351575	0.01
3.11093	-0.746393	-0.905842	1.58803	0.00173124	0.01
3.12093	-0.741721	-0.90623	1.57939	0.00250601	0.01
3.13093	-0.738377	-0.905008	1.57023	0.0138924	0.01
3.14093	-0.733198	-0.903353	1.56205	0.00195877	0.01
3.15093	-0.727823	-0.90308	1.55384	0.00179871	0.01
3.16093	-0.725144	-0.901084	1.5446	0.00175936	0.01
3.17093	-0.722202	-0.897706	1.53587	0.00475697	0.01
3.18093	-0.717827	-0.894121	1.52784	0.00224084	0.01
3.19093	-0.715289	-0.89052	1.51907	0.000906937	0.01
3.20093	-0.713729	-0.8882	1.50966	0.00232556	0.01
3.21093	-0.71534	-0.887133	1.50004	0.00464138	0.01
3.22093	-0.717398	-0.887804	1.49046	0.00322909	0.01
3.23093	-0.717706	-0.887449	1.48066	0.0024352	0.01
3.24093	-0.717123	-0.888533	1.47093	0.00410962	0.01
3.25093	-0.718445	-0.889605	1.46126	0.00745357	0.01
3.26093	-0.718279	-0.888821	1.45149	0.00208472	0.01
3.27093	-0.716643	-0.88709	1.44197	0.00209807	0.01
3.28093	-0.713138	-0.88592	1.43289	0.00203976	0.01
3.29093	-0.70569	-0.887834	1.4268	0.00270173	0.01
3.30093	-0.697572	-0.889473	1.42155	0.00238511	0.01
3.31093	-0.690934	-0.889552	1.41434	0.0039429	0.01
3.32093	-0.682933	-0.88968	1.40868	0.00228343	0.01
3.33093	-0.67611	-0.891765	1.40196	0.00508774	0.01
3.34093	-0.670904	-0.895153	1.39437	0.000248004	0.01
3.35093	-0.671989	-0.897274	1.38487	0.001442	0.01
3.36093	-0.67297	-0.897575	1.37512	0.00285085	0.01
3.37093	-0.672449	-0.900053	1.36566	0.000600771	0.01
3.38093	-0.671022	-0.903775	1.35671	0.00100618	0.01
3.39093	-0.669435	-0.905678	1.34723	0.000649185	0.01
3.40093	-0.666075	-0.908626	1.33851	0.00198873	0.01
3.41093	-0.661407	-0.913002	1.33109	0.00352813	0.01
3.42093	-0.655303	-0.917192	1.32468	0.000648296	0.01
3.43093	-0.651072	-0.92265	1.31773	0.00122631	0.01
3.44093	-0.647167	-0.92646	1.3096	0.00312838	0.01
3.45093	-0.64258	-0.92829	1.30114	0.000452436	0.01
3.46093	-0.636924	-0.929857	1.2933	0.00319595	0.01
3.47093	-0.631182	-0.932216	1.28573	0.000581007	0.01
3.48093	-0.623702	-0.934275	1.27975	0.000990759	0.01
3.49093	-0.616492	-0.934673	1.27314	0.0038758	0.01
3.50093	-0.610236	-0.937178	1.26604	0.00214922	0.01
3.51093	-0.604427	-0.93795	1.2582	0.00253761	0.01
3.52093	-0.597532	-0.938063	1.25125	0.00249634	0.01
3.53093	-0.588877	-0.941407	1.24814	0.0031211	0.01
3.54093	-0.580563	-0.942013	1.24302	0.00200569	0.01
3.55093	-0.571398	-0.94258	1.23964	0.00417087	0.01
3.56093	-0.562039	-0.941347	1.23707	0.00239165	0.01
3.57093	-0.552492	-0.942838	1.23555	0.00430132	0.01
3.58093	-0.542845	-0.942283	1.23404	0.00128392	0.01
3.59093	-0.533143	-0.9435	1.23391	0.00156276	0.01
3.60093	-0.523865	-0.943598	1.23083	0.00297096	0.01
3.61093	-0.51678	-0.94158	1.2244	0.00229374	0.01
3.62093	-0.510141	-0.941283	1.21723	0.00447322	0.01
3.63093	-0.5021	-0.94104	1.21168	0.00318546	0.01
3.64093	-0.492383	-0.940655	1.21072	0.000604268	0.01
3.65093	-0.482814	-0.939263	1.20931	0.0028743	0.01
3.66093	-0.47319	-0.938063	1.2105	0.00124571	0.01
3.67093	-0.464455	-0.935803	1.21425	0.00106307	0.01
3.68093	-0.4563	-0.932925	1.21879	0.00076931	0.01
3.69093	-0.447358	-0.93275	1.22272	0.00210306	0.01
3.70093	-0.438806	-0.929949	1.22652	0.00193025	0.01
3.71093	-0.431688	-0.924555	1.23048	0.00223003	0.01
3.72093	-0.425434	-0.919761	1.23625	0.00094385	0.01
3.73093	-0.417503	-0.915593	1.24013	0.00261917	0.01
3.74093	-0.407962	-0.914204	1.23859	0.000491926	0.01
3.75093	-0.40078	-0.913049	1.23207	0.00149474	0.01
3.76093	-0.392767	-0.914846	1.22679	0.000593805	0.01
3.77093	-0.384197	-0.91722	1.22276	0.000607903	0.01
3.78093	-0.375619	-0.921641	1.22129	0.00431576	0.01
3.79093	-0.366569	-0.925262	1.22078	0.00139624	0.01
3.80093	-0.357762	-0.926431	1.22482	0.00204756	0.01
3.81093	-0.34981	-0.930031	1.22919	0.000921201	0.01
3.82093	-0.343909	-0.935812	1.23438	0.00093667	0.01
3.83093	-0.339794	-0.943301	1.23909	0.00125262	0.01
3.84093	-0.336647	-0.949916	1.24554	0.00203693	0.01
3.85093	-0.333109	-0.953988	1.25366	0.00280157	0.01
3.86093	-0.329103	-0.955431	1.26244	0.00326205	0.01
3.87093	-0.325457	-0.954517	1.27144	0.0040375	0.01
3.88093	-0.322138	-0.949359	1.27902	0.000875098	0.01
3.89093	-0.317554	-0.946784	1.28723	0.00186096	0.01
3.90093	-0.312279	-0.942419	1.29417	0.00280217	0.01
3.91093	-0.305483	-0.939409	1.30048	0.00199577	0.01
3.92093	-0.300763	-0.934798	1.30765	0.00302933	0.01
3.93093	-0.29737	-0.931361	1.31611	0.00194962	0.01
3.94093	-0.295912	-0.930464	1.32571	0.00176909	0.01
3.95093	-0.293381	-0.927646	1.33468	0.000784199	0.01
3.96093	-0.290662	-0.924279	1.34341	0.00125715	0.01
3.97093	-0.28985	-0.919761	1.352	0.0022691	0.01
3.98093	-0.287391	-0.914056	1.3595	0.00145681	0.01
3.99093	-0.287846	-0.908662	1.3676	0.00189934	0.01
4.00093	-0.28606	-0.903214	1.37547	0.0319295	0.01
4.01093	-0.284946	-0.896107	1.382	0.00299125	0.01
4.02093	-0.286014	-0.888473	1.38792	0.00362902	0.01
4.03093	-0.289186	-0.879934	1.39129	0.00312882	0.01
4.04093	-0.293716	-0.873097	1.39649	0.00173316	0.01
4.05093	-0.299918	-0.872321	1.40392	0.00545961	0.01
4.06093	-0.303583	-0.874354	1.41267	0.0432108	0.01
4.07093	-0.308703	-0.877884	1.42008	0.00331221	0.01
4.08093	-0.313651	-0.882609	1.42691	0.000593627	0.01
4.09093	-0.317174	-0.883372	1.43588	0.00157005	0.01
4.10093	-0.323057	-0.884047	1.44352	0.00240887	0.01
4.11093	-0.330984	-0.883431	1.44901	0.00353118	0.01
4.12093	-0.338658	-0.882242	1.45476	0.00299273	0.01
4.13093	-0.344075	-0.879745	1.46236	0.00203936	0.01
4.14093	-0.348336	-0.875527	1.46993	0.00235433	0.01
4.15093	-0.353019	-0.871692	1.47745	0.00104344	0.01
4.16093	-0.356336	-0.869014	1.48611	0.00250843	0.01
4.17093	-0.361366	-0.868466	1.49433	0.00203828	0.01
4.18093	-0.365404	-0.864283	1.50203	0.000721561	0.01
4.19093	-0.369841	-0.856733	1.50608	0.00219886	0.01
4.20093	-0.372117	-0.848262	1.51009	0.00259977	0.01
4.21093	-0.372522	-0.8405	1.5158	0.00495163	0.01
4.22093	-0.376285	-0.833216	1.52087	0.00957496	0.01
4.23093	-0.377921	-0.824427	1.52444	0.00137389	0.01
4.24093	-0.376951	-0.816025	1.52904	0.00358234	0.01
4.25093	-0.374906	-0.810934	1.53694	0.00208545	0.01
4.26093	-0.370123	-0.80519	1.543	0.00294561	0.01
4.27093	-0.364097	-0.79886	1.54701	0.00201405	0.01
4.28093	-0.359037	-0.790949	1.54908	0.00215769	0.01
4.29093	-0.35256	-0.783849	1.54925	0.00327548	0.01
4.30093	-0.346614	-0.776884	1.55216	0.00462087	0.01
4.31093	-0.341585	-0.770676	1.55749	0.00320704	0.01
4.32093	-0.334855	-0.763966	1.55884	0.00164617	0.01
4.33093	-0.330369	-0.755585	1.56016	0.00100212	0.01
4.34093	-0.32881	-0.746116	1.56016	0.000705908	0.01
4.35093	-0.324587	-0.737526	1.5595	0.00145969	0.01
4.36093	-0.323008	-0.728097	1.5603	0.00339079	0.01
4.37093	-0.319501	-0.719246	1.56144	0.00403167	0.01
4.38093	-0.314485	-0.711179	1.56272	0.00181775	0.01
4.39093	-0.306053	-0.706751	1.56376	0.00348562	0.01
4.40093	-0.299962	-0.699435	1.56481	0.00120699	0.01
4.41093	-0.299465	-0.689993	1.5633	0.00199475	0.01
4.42093	-0.297775	-0.681593	1.55903	0.00221401	0.01
4.43093	-0.293747	-0.67346	1.556	0.000864336	0.01
4.44093	-0.289243	-0.66534	1.55369	0.00169748	0.01
4.45093	-0.282435	-0.658686	1.55462	0.00446454	0.01
4.46093	-0.273928	-0.655104	1.55711	0.00518033	0.01
4.47093	-0.267244	-0.650288	1.56195	0.0025099	0.01
4.48093	-0.262529	-0.643825	1.56716	0.00214782	0.01
4.49093	-0.259823	-0.63771	1.57397	0.000549402	0.01
4.50093	-0.256196	-0.633646	1.58181	0.0167899	0.01
4.51093	-0.250197	-0.631024	1.58872	0.221881	0.01
4.52093	-0.241663	-0.630111	1.58826	0.00307886	0.01
4.53093	-0.23449	-0.626888	1.58487	0.006343	0.01
4.54093	-0.23104	-0.626569	1.57711	0.00330795	0.01
4.55093	-0.231707	-0.626072	1.56869	0.00553602	0.01
4.56093	-0.231509	-0.628463	1.56064	0.0044669	0.01
4.57093	-0.231505	-0.625092	1.55301	0.00133913	0.01
4.58093	-0.229377	-0.619225	1.54751	0.00613174	0.01
4.59093	-0.224191	-0.613448	1.54475	0.00338744	0.01
4.60093	-0.219396	-0.611215	1.5385	0.00424066	0.01
4.61093	-0.217344	-0.616115	1.53235	0.00358444	0.01
4.62093	-0.212573	-0.622342	1.53058	0.00336621	0.01
4.63093	-0.211143	-0.630145	1.53148	0.00772649	0.01
4.64093	-0.208126	-0.636816	1.52868	0.00614633	0.01
4.65093	-0.204233	-0.643205	1.53055	0.00128239	0.01
4.66093	-0.197111	-0.645822	1.52933	0.00766015	0.01
4.67093	-0.191049	-0.647893	1.53325	0.00797115	0.01
4.68093	-0.189052	-0.643341	1.53859	0.00294499	0.01
4.69093	-0.185133	-0.647938	1.54254	0.00600583	0.01
4.70093	-0.186623	-0.653238	1.54692	0.00287523	0.01
4.71093	-0.189936	-0.659331	1.54679	0.0056847	0.01
4.72093	-0.191327	-0.664112	1.54225	0.0139145	0.01
4.73093	-0.189818	-0.662995	1.53639	0.00998187	0.01
4.74093	-0.193123	-0.662066	1.5319	0.0082808	0.01
4.75093	-0.195111	-0.658793	1.52845	0.00943091	0.01
4.76093	-0.196809	-0.654771	1.52957	0.00535118	0.01
4.77093	-0.200556	-0.656259	1.52885	0.00554996	0.01
4.78093	-0.201146	-0.65726	1.5254	0.00243198	0.01
4.79093	-0.199169	-0.659058	1.52323	0.0117266	0.01
4.80093	-0.197558	-0.6595	1.52149	0.00623784	0.01
4.81093	-0.197975	-0.657717	1.52196	0.00367164	0.01
4.82093	-0.19795	-0.657469	1.52038	0.0178859	0.01
4.82507	-0.197874	-0.657092	1.52008	0.0159549	0.00413329
0.01	0.0808029	0.0894701	0.339125	0.00123898	0.01
0.02	0.0847069	0.0849208	0.34687	0.00377493	0.01
0.03	0.0892364	0.0816889	0.354927	0.00189864	0.01
0.04	0.0952319	0.0764074	0.360587	0.004205	0.01
0.05	0.0985086	0.0711895	0.368194	0.00167108	0.01
0.06	0.0995856	0.0651285	0.375806	0.00118407	0.01
0.07	0.102796	0.0602152	0.383639	0.00377801	0.01
0.08	0.106814	0.057414	0.392112	0.00117606	0.01
0.09	0.109458	0.0539316	0.400868	0.00291219	0.01
0.1	0.11038	0.0491799	0.409372	0.0118156	0.01
0.11	0.112637	0.0444898	0.417652	0.00287607	0.01
0.12	0.114016	0.039795	0.426118	0.00481961	0.01
0.13	0.111077	0.0348767	0.43404	0.00278467	0.01
0.14	0.109342	0.0316577	0.443105	0.00175522	0.01
0.15	0.107066	0.0291329	0.45227	0.00206794	0.01
0.16	0.103543	0.0245932	0.460175	0.00120741	0.01
0.17	0.0960948	0.0182773	0.45979	0.0027312	0.01
0.18	0.08839	0.0135752	0.456047	0.00142524	0.01
0.19	0.0823064	0.00925174	0.449741	0.00110886	0.01
0.2	0.0808104	0.00417605	0.441528	0.00229155	0.01
0.21	0.080404	0.00069377	0.432409	0.00429609	0.01
0.22	0.0787749	-0.000307892	0.422831	0.00657037	0.01
0.23	0.0746902	-0.00135321	0.414024	0.00546838	0.01
0.24	0.0714893	-0.00394411	0.405175	0.00202556	0.01
0.25	0.0663749	-0.00418593	0.396865	0.00174574	0.01
0.26	0.0607452	-0.00474889	0.388914	0.000956155	0.01
0.27	0.0552021	-0.00401898	0.380915	0.0050232	0.01
0.28	0.0482376	-0.00471688	0.374119	0.00264709	0.01
0.29	0.042089	-0.0028671	0.366776	0.00186661	0.01
0.3	0.0374877	-0.00305302	0.358178	0.00235258	0.01
0.31	0.0359029	-0.00389365	0.348592	0.000756367	0.01
0.32	0.0360311	-0.00392257	0.338841	0.00109659	0.01
0.33	0.0360541	-0.00182533	0.329318	0.00321807	0.01
0.34	0.0339717	0.00119822	0.320286	0.00523628	0.01
0.35	0.0326819	0.00560447	0.311689	0.00369352	0.01
0.36	0.0367093	0.0109752	0.304625	0.00214301	0.01
0.37	0.0381972	0.015883	0.296341	0.00172738	0.01
0.38	0.0429183	0.0205115	0.289186	0.00268613	0.01
0.39	0.0489413	0.0223668	0.281759	0.00248806	0.01
0.4	0.0565672	0.0240676	0.275944	0.00181172	0.01
0.41	0.0647242	0.0233358	0.270676	0.00222462	0.01
0.42	0.0717375	0.022899	0.263936	0.00369506	0.01
0.43	0.0779558	0.0226784	0.25645	0.00264753	0.01
0.44	0.0830238	0.0216268	0.248207	0.0027642	0.01
0.45	0.087788	0.0226621	0.239786	0.00175566	0.01
0.46	0.0913823	0.0247598	0.23099	0.00195038	0.01
0.47	0.0955224	0.0282343	0.222901	0.00333075	0.01
0.48	0.0999182	0.0337349	0.216191	0.0206469	0.01
0.49	0.106163	0.0385739	0.210541	0.00943315	0.01
0.5	0.109921	0.0435504	0.203103	0.0026299	0.01
0.51	0.116013	0.0470247	0.196395	0.00368144	0.01
0.52	0.120501	0.0535158	0.190753	0.00200774	0.01
0.53	0.122878	0.0606044	0.184573	0.00248729	0.01
0.54	0.123186	0.0687852	0.179374	0.00259409	0.01
0.55	0.12584	0.0761237	0.173619	0.00533169	0.01
0.56	0.130476	0.0834813	0.16934	0.00244806	0.01
0.57	0.133164	0.0901496	0.162844	0.00320983	0.01
0.58	0.1364	0.0984996	0.159149	0.00364512	0.01
0.59	0.141189	0.106915	0.159336	0.00115798	0.01
0.6	0.147549	0.114173	0.158533	0.00201169	0.01
0.61	0.154529	0.120882	0.158471	0.00243795	0.01
0.62	0.160671	0.12794	0.155986	0.00111748	0.01
0.63	0.168791	0.133191	0.155595	0.00605163	0.01
0.64	0.17534	0.140218	0.154442	0.0019233	0.01
0.65	0.182954	0.145865	0.156363	0.0273979	0.01
0.66	0.188356	0.153103	0.159753	0.00297178	0.01
0.67	0.194267	0.160669	0.160656	0.00222936	0.01
0.68	0.200333	0.168028	0.159233	0.00138566	0.01
0.69	0.20737	0.173781	0.156024	0.00346595	0.01
0.7	0.214765	0.178432	0.151954	0.000504188	0.01
0.71	0.221163	0.182342	0.145902	0.00253393	0.01
0.72	0.225634	0.18581	0.138105	0.00248029	0.01
0.73	0.232789	0.187963	0.132029	0.00315899	0.01
0.74	0.239155	0.192494	0.126404	0.00195613	0.01
0.75	0.246302	0.194386	0.12024	0.00339807	0.01
0.76	0.252222	0.200226	0.1154	0.00410173	0.01
0.77	0.25964	0.205732	0.112726	0.00135958	0.01
0.78	0.268311	0.208652	0.109768	0.005238	0.01
0.79	0.277467	0.211534	0.109309	0.00220467	0.01
0.8	0.285193	0.216776	0.107043	0.000986389	0.01
0.81	0.292888	0.220886	0.103023	0.00229734	0.01
0.82	0.301878	0.224071	0.101898	0.00112037	0.01
0.83	0.309057	0.229718	0.0989373	0.00441065	0.01
0.84	0.31778	0.232	0.0956524	0.00671847	0.01
0.85	0.324492	0.236635	0.0906125	0.00177682	0.01
0.86	0.332172	0.241758	0.088032	0.00377886	0.01
0.87	0.339073	0.248234	0.0865427	0.00177902	0.01
0.88	0.343025	0.256947	0.0870045	0.00294758	0.01
0.89	0.346134	0.265941	0.0880661	0.00585071	0.01
0.9	0.348877	0.275045	0.089116	0.00205023	0.01
0.91	0.353624	0.283339	0.0887466	0.00880465	0.01
0.92	0.360283	0.289765	0.0863826	0.00328906	0.01
0.93	0.365469	0.296523	0.0820736	0.00210223	0.01
0.94	0.370625	0.304378	0.0804066	0.00113017	0.01
0.95	0.3749	0.311286	0.0754025	0.00494222	0.01
0.96	0.380839	0.318364	0.0730538	0.00239415	0.01
0.97	0.384516	0.326675	0.070187	0.00266553	0.01
0.98	0.382927	0.335865	0.0682466	0.00132225	0.01
0.99	0.378729	0.343741	0.0649249	0.000954517	0.01
1	0.374589	0.352163	0.0633128	0.00231961	0.01
1.01	0.369856	0.360271	0.0648752	0.00290917	0.01
1.02	0.366783	0.369124	0.0665138	0.00252659	0.01
1.03	0.36462	0.37831	0.0653469	0.00260667	0.01
1.04	0.36192	0.387113	0.0629938	0.00676007	0.01
1.05	0.362596	0.394797	0.0574609	0.00250574	0.01
1.06	0.361936	0.403811	0.0545755	0.000476246	0.01
1.07	0.363373	0.412339	0.0506777	0.0077895	0.01
1.08	0.36661	0.41775	0.0436088	0.00232633	0.01
1.09	0.371592	0.418849	0.0356331	0.00187064	0.01
1.1	0.374162	0.424295	0.0283322	0.00116423	0.01
1.11	0.377249	0.430881	0.0222822	0.0453604	0.01
1.12	0.383109	0.434839	0.0161557	0.00255653	0.01
1.13	0.390752	0.439311	0.0131549	0.00639095	0.01
1.14	0.399192	0.442888	0.0114122	0.00221891	0.01
1.15	0.405461	0.448349	0.00719032	0.00246602	0.01
1.16	0.411931	0.455026	0.00780831	0.00172004	0.01
1.17	0.420657	0.458133	0.00877252	0.00452328	0.01
1.18	0.429587	0.460672	0.0082693	0.00438888	0.01
1.19	0.437371	0.465057	0.0107985	0.00116412	0.01
1.2	0.446494	0.463359	0.0106862	0.00345235	0.01
1.21	0.455311	0.461796	0.00829055	0.000885466	0.01
1.22	0.463813	0.458165	0.00892416	0.00608142	0.01
1.23	0.47078	0.452128	0.00823052	0.00305779	0.01
1.24	0.476249	0.445357	0.00514457	0.00256753	0.01
1.25	0.483339	0.442911	-0.000226759	0.00532533	0.01
1.26	0.48974	0.436335	-0.00094223	0.00278627	0.01
1.27	0.498252	0.43373	-0.00324462	0.00278982	0.01
1.28	0.507029	0.432876	-0.000682208	0.00569329	0.01
1.29	0.514485	0.428825	0.00276603	0.00621284	0.01
1.3	0.522065	0.427089	0.00755659	0.0022343	0.01
1.31	0.526434	0.422413	0.0140584	0.00246354	0.01
1.32	0.529891	0.415042	0.0181515	0.00486746	0.01
1.33	0.53323	0.407447	0.0144388	0.00141954	0.01
1.34	0.536417	0.398949	0.014785	0.00511699	0.01
1.35	0.536758	0.389983	0.0160195	0.00469987	0.01
1.36	0.541241	0.382662	0.0132098	0.00337291	0.01
1.37	0.541201	0.373956	0.0155498	0.00364695	0.01
1.38	0.546027	0.366371	0.015273	0.00225109	0.01
1.39	0.551867	0.359886	0.0173994	0.00260403	0.01
1.4	0.557081	0.353882	0.0215414	0.00132177	0.01
1.41	0.559593	0.345534	0.0236034	0.00372991	0.01
1.42	0.557565	0.337736	0.0274662	0.0035163	0.01
1.43	0.559399	0.329765	0.0310088	0.00306038	0.01
1.44	0.555647	0.321725	0.0316062	0.00239683	0.01
1.45	0.552067	0.313746	0.0331316	0.00460795	0.01
1.46	0.547386	0.30714	0.0366907	0.00286747	0.01
1.47	0.546447	0.299013	0.0399965	0.00177069	0.01
1.48	0.544899	0.290405	0.0389324	0.00812481	0.01
1.49	0.548244	0.283005	0.0356827	0.00350108	0.01
1.5	0.555653	0.278685	0.034115	0.00141066	0.01
1.51	0.563434	0.276311	0.0372175	0.00281067	0.01
1.52	0.570869	0.277837	0.0414326	0.00163201	0.01
1.53	0.568684	0.28305	0.0480038	0.00233687	0.01
1.54	0.56993	0.285027	0.0563288	0.00621969	0.01
1.55	0.568529	0.283557	0.0646733	0.00302768	0.01
1.56	0.571958	0.280941	0.0720653	0.00563214	0.01
1.57	0.575109	0.276151	0.0783373	0.0028169	0.01
1.58	0.577148	0.272665	0.0857796	0.0037776	0.01
1.59	0.583452	0.271009	0.0911156	0.00293601	0.01
1.6	0.588291	0.276248	0.0955317	0.00400134	0.01
1.61	0.583253	0.282289	0.0927668	0.00332921	0.01
1.62	0.577101	0.287156	0.0954613	0.00451952	0.01
1.63	0.569602	0.289996	0.0936009	0.00689624	0.01
1.64	0.566724	0.290584	0.0860214	0.00362793	0.01
1.65	0.56322	0.294066	0.0796737	0.00429792	0.01
1.66	0.561432	0.29236	0.0720977	0.00259182	0.01
1.67	0.558388	0.290594	0.0650007	0.00260556	0.01
1.68	0.562069	0.286052	0.0597273	0.00455823	0.01
1.69	0.569516	0.284097	0.0608603	0.00501376	0.01
1.7	0.575482	0.283787	0.0560402	0.0033856	0.01
1.71	0.573679	0.283071	0.0486919	0.00499051	0.01
1.72	0.567279	0.282889	0.0448222	0.0049802	0.01
1.73	0.560518	0.285769	0.044589	0.00778229	0.01
1.74	0.559569	0.2914	0.0488549	0.0076771	0.01
1.75	0.563762	0.289208	0.0538457	0.00323361	0.01
1.76	0.559506	0.28397	0.0542613	0.00371915	0.01
1.77	0.55383	0.283015	0.0575387	0.0048699	0.01
1.78	0.550226	0.28532	0.0623344	0.002249	0.01
1.79	0.545665	0.289532	0.0635705	0.00183173	0.01
1.8	0.54475	0.295448	0.0617764	0.00620992	0.01
1.81	0.547417	0.298894	0.0577225	0.00601312	0.01
1.82	0.544535	0.301178	0.0534564	0.00230762	0.01
1.83	0.545311	0.303131	0.0483725	0.00670723	0.01
1.84	0.545938	0.30482	0.053132	0.00742827	0.01
1.85	0.550277	0.306242	0.0534525	0.0036267	0.01
1.86	0.551909	0.304125	0.0500758	0.0145925	0.01
1.87	0.551248	0.305705	0.0474929	0.00744385	0.01
1.88	0.552208	0.30783	0.0482389	0.0168894	0.01
1.89	0.551971	0.308309	0.047242	0.0247342	0.01
1.89021	0.551959	0.308305	0.0472128	0.00250361	0.000211679
